#
# There is insufficient memory for the Java Runtime Environment to continue.
# Native memory allocation (mmap) failed to map 106430464 bytes for committing reserved memory.
# Possible reasons:
#   The system is out of physical RAM or swap space
#   In 32 bit mode, the process size limit was hit
# Possible solutions:
#   Reduce memory load on the system
#   Increase physical memory or swap space
#   Check if swap backing store is full
#   Use 64 bit Java on a 64 bit OS
#   Decrease Java heap size (-Xmx/-Xms)
#   Decrease number of Java threads
#   Decrease Java thread stack sizes (-Xss)
#   Set larger code cache with -XX:ReservedCodeCacheSize=
# This output file may be truncated or incomplete.
#
#  Out of Memory Error (os_linux.cpp:2673), pid=15286, tid=139967895996160
#
# JRE version: Java(TM) SE Runtime Environment (8.0_40-b26) (build 1.8.0_40-b26)
# Java VM: Java HotSpot(TM) 64-Bit Server VM (25.40-b25 mixed mode linux-amd64 compressed oops)
# Failed to write core dump. Core dumps have been disabled. To enable core dumping, try "ulimit -c unlimited" before starting Java again
#

---------------  T H R E A D  ---------------

Current thread (0x00007f4ce807f800):  VMThread [stack: 0x00007f4cd0a88000,0x00007f4cd0b89000] [id=15299]

Stack: [0x00007f4cd0a88000,0x00007f4cd0b89000],  sp=0x00007f4cd0b870a0,  free space=1020k
Native frames: (J=compiled Java code, j=interpreted, Vv=VM code, C=native code)
V  [libjvm.so+0xaaca9a]  VMError::report_and_die()+0x2ba
V  [libjvm.so+0x4f333b]  report_vm_out_of_memory(char const*, int, unsigned long, VMErrorType, char const*)+0x8b
V  [libjvm.so+0x90e8c3]  os::Linux::commit_memory_impl(char*, unsigned long, bool)+0x103
V  [libjvm.so+0x90ee19]  os::pd_commit_memory(char*, unsigned long, unsigned long, bool)+0x29
V  [libjvm.so+0x90877a]  os::commit_memory(char*, unsigned long, unsigned long, bool)+0x2a
V  [libjvm.so+0x97bbc3]  PSVirtualSpace::expand_by(unsigned long)+0x53
V  [libjvm.so+0x96c420]  PSOldGen::expand(unsigned long)+0x170
V  [libjvm.so+0x96c62b]  PSOldGen::resize(unsigned long)+0x1cb
V  [libjvm.so+0x974341]  PSParallelCompact::invoke_no_policy(bool)+0x9d1
V  [libjvm.so+0x979ced]  PSScavenge::invoke()+0x1ad
V  [libjvm.so+0x932150]  ParallelScavengeHeap::failed_mem_allocate(unsigned long)+0x70
V  [libjvm.so+0xaae2d7]  VM_ParallelGCFailedAllocation::doit()+0x97
V  [libjvm.so+0xab5ac5]  VM_Operation::evaluate()+0x55
V  [libjvm.so+0xab3e9a]  VMThread::evaluate_operation(VM_Operation*)+0xba
V  [libjvm.so+0xab421e]  VMThread::loop()+0x1ce
V  [libjvm.so+0xab4690]  VMThread::run()+0x70
V  [libjvm.so+0x910ee8]  java_start(Thread*)+0x108

VM_Operation (0x00007f4cefc82630): ParallelGCFailedAllocation, mode: safepoint, requested by thread 0x00007f4ce8009000


---------------  P R O C E S S  ---------------

Java Threads: ( => current thread )
  0x00007f4ce80d4800 JavaThread "Service Thread" daemon [_thread_blocked, id=15307, stack(0x00007f4cd0280000,0x00007f4cd0381000)]
  0x00007f4ce80c7800 JavaThread "C1 CompilerThread3" daemon [_thread_blocked, id=15306, stack(0x00007f4cd0381000,0x00007f4cd0482000)]
  0x00007f4ce80c5000 JavaThread "C2 CompilerThread2" daemon [_thread_blocked, id=15305, stack(0x00007f4cd0482000,0x00007f4cd0583000)]
  0x00007f4ce80c3800 JavaThread "C2 CompilerThread1" daemon [_thread_blocked, id=15304, stack(0x00007f4cd0583000,0x00007f4cd0684000)]
  0x00007f4ce80c0800 JavaThread "C2 CompilerThread0" daemon [_thread_in_native, id=15303, stack(0x00007f4cd0684000,0x00007f4cd0785000)]
  0x00007f4ce80bf000 JavaThread "Signal Dispatcher" daemon [_thread_blocked, id=15302, stack(0x00007f4cd0785000,0x00007f4cd0886000)]
  0x00007f4ce8086800 JavaThread "Finalizer" daemon [_thread_blocked, id=15301, stack(0x00007f4cd0886000,0x00007f4cd0987000)]
  0x00007f4ce8084800 JavaThread "Reference Handler" daemon [_thread_blocked, id=15300, stack(0x00007f4cd0987000,0x00007f4cd0a88000)]
  0x00007f4ce8009000 JavaThread "main" [_thread_blocked, id=15290, stack(0x00007f4cefb84000,0x00007f4cefc85000)]

Other Threads:
=>0x00007f4ce807f800 VMThread [stack: 0x00007f4cd0a88000,0x00007f4cd0b89000] [id=15299]
  0x00007f4ce80d7000 WatcherThread [stack: 0x00007f4cd017f000,0x00007f4cd0280000] [id=15308]

VM state:at safepoint (normal execution)

VM Mutex/Monitor currently owned by a thread:  ([mutex/lock_event])
[0x00007f4ce8005c50] ExpandHeap_lock - owner thread: 0x00007f4ce807f800
[0x00007f4ce80062d0] Threads_lock - owner thread: 0x00007f4ce807f800
[0x00007f4ce80067d0] Heap_lock - owner thread: 0x00007f4ce8009000

Heap:
 PSYoungGen      total 287232K, used 0K [0x00000000eab00000, 0x0000000100000000, 0x0000000100000000)
  eden space 225280K, 0% used [0x00000000eab00000,0x00000000eab00000,0x00000000f8700000)
  from space 61952K, 0% used [0x00000000f8700000,0x00000000f8700000,0x00000000fc380000)
  to   space 61952K, 72% used [0x00000000fc380000,0x00000000fef31338,0x0000000100000000)
 ParOldGen       total 164352K, used 163977K [0x00000000c0000000, 0x00000000ca080000, 0x00000000eab00000)
  object space 164352K, 99% used [0x00000000c0000000,0x00000000ca022440,0x00000000ca080000)
 Metaspace       used 6085K, capacity 7216K, committed 7296K, reserved 1056768K
  class space    used 572K, capacity 616K, committed 640K, reserved 1048576K

Card table byte_map: [0x00007f4cecd9a000,0x00007f4cecf9b000] byte_map_base: 0x00007f4cec79a000

Marking Bits: (ParMarkBitMap*) 0x00007f4cef06b6c0
 Begin Bits: [0x00007f4cd2000000, 0x00007f4cd3000000)
 End Bits:   [0x00007f4cd3000000, 0x00007f4cd4000000)

Polling page: 0x00007f4cefcaa000

CodeCache: size=245760Kb used=10898Kb max_used=10911Kb free=234861Kb
 bounds [0x00007f4cd9000000, 0x00007f4cd9ac0000, 0x00007f4ce8000000]
 total_blobs=2475 nmethods=2210 adapters=178
 compilation: enabled

Compilation events (10 events):
Event: 5,000 Thread 0x00007f4ce80c5000 nmethod 2127 0x00007f4cd9a9ee10 code [0x00007f4cd9a9f8a0, 0x00007f4cd9aa7e60]
Event: 5,000 Thread 0x00007f4ce80c5000 2287       4       com.android.dx.ssa.back.FirstFitLocalCombiningAllocator::handleLocalAssociatedOther (151 bytes)
Event: 5,008 Thread 0x00007f4ce80c7800 2295       2       com.android.dx.rop.code.Rops::opSub (29 bytes)
Event: 5,008 Thread 0x00007f4ce80c7800 nmethod 2295 0x00007f4cd9a92250 code [0x00007f4cd9a923c0, 0x00007f4cd9a92568]
Event: 5,024 Thread 0x00007f4ce80c5000 nmethod 2287 0x00007f4cd9a97150 code [0x00007f4cd9a97400, 0x00007f4cd9a98b18]
Event: 5,024 Thread 0x00007f4ce80c5000 2187       4       com.android.dx.ssa.SCCP::<init> (142 bytes)
Event: 5,030 Thread 0x00007f4ce80c5000 nmethod 2187 0x00007f4cd9a9c090 code [0x00007f4cd9a9c240, 0x00007f4cd9a9cad8]
Event: 5,030 Thread 0x00007f4ce80c5000 2231 %     4       com.android.dx.ssa.Dominators::run @ 89 (506 bytes)
Event: 5,031 Thread 0x00007f4ce80c7800 2296       2       com.android.dx.rop.code.Rops::opIfLe (13 bytes)
Event: 5,031 Thread 0x00007f4ce80c7800 nmethod 2296 0x00007f4cd9a96dd0 code [0x00007f4cd9a96f40, 0x00007f4cd9a970c8]

GC Heap History (10 events):
Event: 3,060 GC heap after
Heap after GC invocations=9 (full 0):
 PSYoungGen      total 277504K, used 37364K [0x00000000eab00000, 0x0000000100000000, 0x0000000100000000)
  eden space 240128K, 0% used [0x00000000eab00000,0x00000000eab00000,0x00000000f9580000)
  from space 37376K, 99% used [0x00000000f9580000,0x00000000fb9fd2a0,0x00000000fba00000)
  to   space 54272K, 0% used [0x00000000fcb00000,0x00000000fcb00000,0x0000000100000000)
 ParOldGen       total 84992K, used 81603K [0x00000000c0000000, 0x00000000c5300000, 0x00000000eab00000)
  object space 84992K, 96% used [0x00000000c0000000,0x00000000c4fb0fb0,0x00000000c5300000)
 Metaspace       used 6061K, capacity 7216K, committed 7296K, reserved 1056768K
  class space    used 571K, capacity 616K, committed 640K, reserved 1048576K
}
Event: 3,060 GC heap before
{Heap before GC invocations=10 (full 1):
 PSYoungGen      total 277504K, used 37364K [0x00000000eab00000, 0x0000000100000000, 0x0000000100000000)
  eden space 240128K, 0% used [0x00000000eab00000,0x00000000eab00000,0x00000000f9580000)
  from space 37376K, 99% used [0x00000000f9580000,0x00000000fb9fd2a0,0x00000000fba00000)
  to   space 54272K, 0% used [0x00000000fcb00000,0x00000000fcb00000,0x0000000100000000)
 ParOldGen       total 84992K, used 81603K [0x00000000c0000000, 0x00000000c5300000, 0x00000000eab00000)
  object space 84992K, 96% used [0x00000000c0000000,0x00000000c4fb0fb0,0x00000000c5300000)
 Metaspace       used 6061K, capacity 7216K, committed 7296K, reserved 1056768K
  class space    used 571K, capacity 616K, committed 640K, reserved 1048576K
Event: 3,368 GC heap after
Heap after GC invocations=10 (full 1):
 PSYoungGen      total 277504K, used 27535K [0x00000000eab00000, 0x0000000100000000, 0x0000000100000000)
  eden space 240128K, 0% used [0x00000000eab00000,0x00000000eab00000,0x00000000f9580000)
  from space 37376K, 73% used [0x00000000f9580000,0x00000000fb063e58,0x00000000fba00000)
  to   space 54272K, 0% used [0x00000000fcb00000,0x00000000fcb00000,0x0000000100000000)
 ParOldGen       total 157184K, used 84922K [0x00000000c0000000, 0x00000000c9980000, 0x00000000eab00000)
  object space 157184K, 54% used [0x00000000c0000000,0x00000000c52ee9e0,0x00000000c9980000)
 Metaspace       used 6061K, capacity 7216K, committed 7296K, reserved 1056768K
  class space    used 571K, capacity 616K, committed 640K, reserved 1048576K
}
Event: 3,847 GC heap before
{Heap before GC invocations=11 (full 1):
 PSYoungGen      total 277504K, used 267663K [0x00000000eab00000, 0x0000000100000000, 0x0000000100000000)
  eden space 240128K, 100% used [0x00000000eab00000,0x00000000f9580000,0x00000000f9580000)
  from space 37376K, 73% used [0x00000000f9580000,0x00000000fb063e58,0x00000000fba00000)
  to   space 54272K, 0% used [0x00000000fcb00000,0x00000000fcb00000,0x0000000100000000)
 ParOldGen       total 157184K, used 84922K [0x00000000c0000000, 0x00000000c9980000, 0x00000000eab00000)
  object space 157184K, 54% used [0x00000000c0000000,0x00000000c52ee9e0,0x00000000c9980000)
 Metaspace       used 6075K, capacity 7216K, committed 7296K, reserved 1056768K
  class space    used 571K, capacity 616K, committed 640K, reserved 1048576K
Event: 3,895 GC heap after
Heap after GC invocations=11 (full 1):
 PSYoungGen      total 279552K, used 51717K [0x00000000eab00000, 0x0000000100000000, 0x0000000100000000)
  eden space 225280K, 0% used [0x00000000eab00000,0x00000000eab00000,0x00000000f8700000)
  from space 54272K, 95% used [0x00000000fcb00000,0x00000000ffd81788,0x0000000100000000)
  to   space 61952K, 0% used [0x00000000f8700000,0x00000000f8700000,0x00000000fc380000)
 ParOldGen       total 157184K, used 94761K [0x00000000c0000000, 0x00000000c9980000, 0x00000000eab00000)
  object space 157184K, 60% used [0x00000000c0000000,0x00000000c5c8a4a0,0x00000000c9980000)
 Metaspace       used 6075K, capacity 7216K, committed 7296K, reserved 1056768K
  class space    used 571K, capacity 616K, committed 640K, reserved 1048576K
}
Event: 4,363 GC heap before
{Heap before GC invocations=12 (full 1):
 PSYoungGen      total 279552K, used 276997K [0x00000000eab00000, 0x0000000100000000, 0x0000000100000000)
  eden space 225280K, 100% used [0x00000000eab00000,0x00000000f8700000,0x00000000f8700000)
  from space 54272K, 95% used [0x00000000fcb00000,0x00000000ffd81788,0x0000000100000000)
  to   space 61952K, 0% used [0x00000000f8700000,0x00000000f8700000,0x00000000fc380000)
 ParOldGen       total 157184K, used 94761K [0x00000000c0000000, 0x00000000c9980000, 0x00000000eab00000)
  object space 157184K, 60% used [0x00000000c0000000,0x00000000c5c8a4a0,0x00000000c9980000)
 Metaspace       used 6078K, capacity 7216K, committed 7296K, reserved 1056768K
  class space    used 571K, capacity 616K, committed 640K, reserved 1048576K
Event: 4,414 GC heap after
Heap after GC invocations=12 (full 1):
 PSYoungGen      total 287232K, used 61935K [0x00000000eab00000, 0x0000000100000000, 0x0000000100000000)
  eden space 225280K, 0% used [0x00000000eab00000,0x00000000eab00000,0x00000000f8700000)
  from space 61952K, 99% used [0x00000000f8700000,0x00000000fc37be40,0x00000000fc380000)
  to   space 61952K, 0% used [0x00000000fc380000,0x00000000fc380000,0x0000000100000000)
 ParOldGen       total 157184K, used 117189K [0x00000000c0000000, 0x00000000c9980000, 0x00000000eab00000)
  object space 157184K, 74% used [0x00000000c0000000,0x00000000c7271710,0x00000000c9980000)
 Metaspace       used 6078K, capacity 7216K, committed 7296K, reserved 1056768K
  class space    used 571K, capacity 616K, committed 640K, reserved 1048576K
}
Event: 5,052 GC heap before
{Heap before GC invocations=13 (full 1):
 PSYoungGen      total 287232K, used 287215K [0x00000000eab00000, 0x0000000100000000, 0x0000000100000000)
  eden space 225280K, 100% used [0x00000000eab00000,0x00000000f8700000,0x00000000f8700000)
  from space 61952K, 99% used [0x00000000f8700000,0x00000000fc37be40,0x00000000fc380000)
  to   space 61952K, 0% used [0x00000000fc380000,0x00000000fc380000,0x0000000100000000)
 ParOldGen       total 157184K, used 117189K [0x00000000c0000000, 0x00000000c9980000, 0x00000000eab00000)
  object space 157184K, 74% used [0x00000000c0000000,0x00000000c7271710,0x00000000c9980000)
 Metaspace       used 6085K, capacity 7216K, committed 7296K, reserved 1056768K
  class space    used 572K, capacity 616K, committed 640K, reserved 1048576K
Event: 5,192 GC heap after
Heap after GC invocations=13 (full 1):
 PSYoungGen      total 287232K, used 287215K [0x00000000eab00000, 0x0000000100000000, 0x0000000100000000)
  eden space 225280K, 100% used [0x00000000eab00000,0x00000000f8700000,0x00000000f8700000)
  from space 61952K, 99% used [0x00000000f8700000,0x00000000fc37be40,0x00000000fc380000)
  to   space 61952K, 79% used [0x00000000fc380000,0x00000000ff3835d0,0x0000000100000000)
 ParOldGen       total 164352K, used 164101K [0x00000000c0000000, 0x00000000ca080000, 0x00000000eab00000)
  object space 164352K, 99% used [0x00000000c0000000,0x00000000ca041520,0x00000000ca080000)
 Metaspace       used 6085K, capacity 7216K, committed 7296K, reserved 1056768K
  class space    used 572K, capacity 616K, committed 640K, reserved 1048576K
}
Event: 5,192 GC heap before
{Heap before GC invocations=14 (full 2):
 PSYoungGen      total 287232K, used 287215K [0x00000000eab00000, 0x0000000100000000, 0x0000000100000000)
  eden space 225280K, 100% used [0x00000000eab00000,0x00000000f8700000,0x00000000f8700000)
  from space 61952K, 99% used [0x00000000f8700000,0x00000000fc37be40,0x00000000fc380000)
  to   space 61952K, 79% used [0x00000000fc380000,0x00000000ff3835d0,0x0000000100000000)
 ParOldGen       total 164352K, used 164101K [0x00000000c0000000, 0x00000000ca080000, 0x00000000eab00000)
  object space 164352K, 99% used [0x00000000c0000000,0x00000000ca041520,0x00000000ca080000)
 Metaspace       used 6085K, capacity 7216K, committed 7296K, reserved 1056768K
  class space    used 572K, capacity 616K, committed 640K, reserved 1048576K

Deoptimization events (10 events):
Event: 3,664 Thread 0x00007f4ce8009000 Uncommon trap: reason=bimorphic action=maybe_recompile pc=0x00007f4cd9778008 method=com.android.dx.cf.code.OneLocalsArray.set(ILcom/android/dx/rop/type/TypeBearer;)V @ 85
Event: 3,815 Thread 0x00007f4ce8009000 Uncommon trap: reason=bimorphic action=maybe_recompile pc=0x00007f4cd99a4df4 method=com.android.dx.cf.code.BytecodeArray.parseInstruction(ILcom/android/dx/cf/code/BytecodeArray$Visitor;)I @ 1597
Event: 3,815 Thread 0x00007f4ce8009000 Uncommon trap: reason=bimorphic action=maybe_recompile pc=0x00007f4cd99a4df4 method=com.android.dx.cf.code.BytecodeArray.parseInstruction(ILcom/android/dx/cf/code/BytecodeArray$Visitor;)I @ 1597
Event: 4,142 Thread 0x00007f4ce8009000 Uncommon trap: reason=unstable_if action=reinterpret pc=0x00007f4cd99c1608 method=com.android.dx.ssa.PhiTypeResolver.resolveResultType(Lcom/android/dx/ssa/PhiInsn;)Z @ 280
Event: 4,168 Thread 0x00007f4ce8009000 Uncommon trap: reason=unstable_if action=reinterpret pc=0x00007f4cd99e3178 method=java.util.HashMap.putVal(ILjava/lang/Object;Ljava/lang/Object;ZZ)Ljava/lang/Object; @ 94
Event: 4,230 Thread 0x00007f4ce8009000 Uncommon trap: reason=bimorphic action=maybe_recompile pc=0x00007f4cd9a0ba3c method=com.android.dx.cf.code.BytecodeArray.parseInstruction(ILcom/android/dx/cf/code/BytecodeArray$Visitor;)I @ 1549
Event: 4,230 Thread 0x00007f4ce8009000 Uncommon trap: reason=bimorphic action=maybe_recompile pc=0x00007f4cd9a0ba3c method=com.android.dx.cf.code.BytecodeArray.parseInstruction(ILcom/android/dx/cf/code/BytecodeArray$Visitor;)I @ 1549
Event: 4,793 Thread 0x00007f4ce8009000 Uncommon trap: reason=class_check action=maybe_recompile pc=0x00007f4cd98d0340 method=com.android.dx.ssa.SCCP.replaceConstants()V @ 182
Event: 4,796 Thread 0x00007f4ce8009000 Uncommon trap: reason=class_check action=maybe_recompile pc=0x00007f4cd98d0340 method=com.android.dx.ssa.SCCP.replaceConstants()V @ 182
Event: 4,908 Thread 0x00007f4ce8009000 Uncommon trap: reason=unstable_if action=reinterpret pc=0x00007f4cd9a7adcc method=com.android.dx.cf.code.ByteCatchList.listFor(I)Lcom/android/dx/cf/code/ByteCatchList; @ 47

Internal exceptions (7 events):
Event: 0,032 Thread 0x00007f4ce8009000 Exception <a 'java/lang/NoSuchMethodError': Method sun.misc.Unsafe.defineClass(Ljava/lang/String;[BII)Ljava/lang/Class; name or signature does not match> (0x00000000eab12a38) thrown at [/HUDSON/workspace/8-2-build-linux-amd64/jdk8u40/3098/hotspot/src/shar
Event: 0,032 Thread 0x00007f4ce8009000 Exception <a 'java/lang/NoSuchMethodError': Method sun.misc.Unsafe.prefetchRead(Ljava/lang/Object;J)V name or signature does not match> (0x00000000eab12cc8) thrown at [/HUDSON/workspace/8-2-build-linux-amd64/jdk8u40/3098/hotspot/src/share/vm/prims/jni.cpp
Event: 0,563 Thread 0x00007f4ce8009000 Implicit null exception at 0x00007f4cd952f891 to 0x00007f4cd95311ad
Event: 0,842 Thread 0x00007f4ce8009000 Exception <a 'java/lang/ArrayIndexOutOfBoundsException': 18> (0x00000000eab57108) thrown at [/HUDSON/workspace/8-2-build-linux-amd64/jdk8u40/3098/hotspot/src/share/vm/interpreter/interpreterRuntime.cpp, line 366]
Event: 0,843 Thread 0x00007f4ce8009000 Exception <a 'java/lang/ArrayIndexOutOfBoundsException': 145> (0x00000000eab58bd8) thrown at [/HUDSON/workspace/8-2-build-linux-amd64/jdk8u40/3098/hotspot/src/share/vm/interpreter/interpreterRuntime.cpp, line 366]
Event: 0,844 Thread 0x00007f4ce8009000 Exception <a 'java/lang/ArrayIndexOutOfBoundsException'> (0x00000000eab59e10) thrown at [/HUDSON/workspace/8-2-build-linux-amd64/jdk8u40/3098/hotspot/src/share/vm/runtime/sharedRuntime.cpp, line 605]
Event: 2,005 Thread 0x00007f4ce8009000 Implicit null exception at 0x00007f4cd9739045 to 0x00007f4cd9739e55

Events (10 events):
Event: 4,815 loading class com/android/dx/rop/code/RegisterSpec$1
Event: 4,815 loading class com/android/dx/rop/code/RegisterSpec$1 done
Event: 4,908 Thread 0x00007f4ce8009000 Uncommon trap: trap_request=0xffffff65 fr.pc=0x00007f4cd9a7adcc
Event: 4,908 Thread 0x00007f4ce8009000 DEOPT PACKING pc=0x00007f4cd9a7adcc sp=0x00007f4cefc82a70
Event: 4,908 Thread 0x00007f4ce8009000 DEOPT UNPACKING pc=0x00007f4cd9005229 sp=0x00007f4cefc82930 mode 2
Event: 4,928 Thread 0x00007f4ce8009000 DEOPT PACKING pc=0x00007f4cd9503916 sp=0x00007f4cefc829a0
Event: 4,928 Thread 0x00007f4ce8009000 DEOPT UNPACKING pc=0x00007f4cd9047633 sp=0x00007f4cefc82800 mode 0
Event: 5,050 Thread 0x00007f4ce8009000 DEOPT PACKING pc=0x00007f4cd9503916 sp=0x00007f4cefc829a0
Event: 5,050 Thread 0x00007f4ce8009000 DEOPT UNPACKING pc=0x00007f4cd9047633 sp=0x00007f4cefc82800 mode 0
Event: 5,052 Executing VM operation: ParallelGCFailedAllocation


Dynamic libraries:
00400000-00401000 r-xp 00000000 08:12 1835066                            /usr/java/jdk1.8.0_40/bin/java
00600000-00601000 rw-p 00000000 08:12 1835066                            /usr/java/jdk1.8.0_40/bin/java
01d07000-01d28000 rw-p 00000000 00:00 0                                  [heap]
c0000000-ca080000 rw-p 00000000 00:00 0 
d0600000-eab00000 ---p 00000000 00:00 0 
eab00000-100000000 rw-p 00000000 00:00 0 
100000000-1000a0000 rw-p 00000000 00:00 0 
1000a0000-140000000 ---p 00000000 00:00 0 
7f4c70000000-7f4c70021000 rw-p 00000000 00:00 0 
7f4c70021000-7f4c74000000 ---p 00000000 00:00 0 
7f4c74000000-7f4c74021000 rw-p 00000000 00:00 0 
7f4c74021000-7f4c78000000 ---p 00000000 00:00 0 
7f4c78000000-7f4c7908e000 rw-p 00000000 00:00 0 
7f4c7908e000-7f4c7c000000 ---p 00000000 00:00 0 
7f4c7c000000-7f4c7cb9e000 rw-p 00000000 00:00 0 
7f4c7cb9e000-7f4c80000000 ---p 00000000 00:00 0 
7f4c80000000-7f4c81465000 rw-p 00000000 00:00 0 
7f4c81465000-7f4c84000000 ---p 00000000 00:00 0 
7f4c84000000-7f4c85429000 rw-p 00000000 00:00 0 
7f4c85429000-7f4c88000000 ---p 00000000 00:00 0 
7f4c88000000-7f4c88021000 rw-p 00000000 00:00 0 
7f4c88021000-7f4c8c000000 ---p 00000000 00:00 0 
7f4c8d946000-7f4c94000000 r--p 00000000 08:12 1714123                    /usr/lib/locale/locale-archive
7f4c94000000-7f4c94021000 rw-p 00000000 00:00 0 
7f4c94021000-7f4c98000000 ---p 00000000 00:00 0 
7f4c98000000-7f4c98021000 rw-p 00000000 00:00 0 
7f4c98021000-7f4c9c000000 ---p 00000000 00:00 0 
7f4c9c000000-7f4c9c021000 rw-p 00000000 00:00 0 
7f4c9c021000-7f4ca0000000 ---p 00000000 00:00 0 
7f4ca0000000-7f4ca0297000 rw-p 00000000 00:00 0 
7f4ca0297000-7f4ca4000000 ---p 00000000 00:00 0 
7f4ca4000000-7f4ca4021000 rw-p 00000000 00:00 0 
7f4ca4021000-7f4ca8000000 ---p 00000000 00:00 0 
7f4cac000000-7f4cac021000 rw-p 00000000 00:00 0 
7f4cac021000-7f4cb0000000 ---p 00000000 00:00 0 
7f4cb4000000-7f4cb4021000 rw-p 00000000 00:00 0 
7f4cb4021000-7f4cb8000000 ---p 00000000 00:00 0 
7f4cbc000000-7f4cbc021000 rw-p 00000000 00:00 0 
7f4cbc021000-7f4cc0000000 ---p 00000000 00:00 0 
7f4cc4000000-7f4cc4021000 rw-p 00000000 00:00 0 
7f4cc4021000-7f4cc8000000 ---p 00000000 00:00 0 
7f4ccc000000-7f4ccc021000 rw-p 00000000 00:00 0 
7f4ccc021000-7f4cd0000000 ---p 00000000 00:00 0 
7f4cd0121000-7f4cd0147000 r--p 00000000 08:12 3016069                    /usr/share/locale/de/LC_MESSAGES/libc.mo
7f4cd0147000-7f4cd017f000 r--s 00300000 08:22 2515                       /run/media/david/apps/Entwicklung/android_sdk/NetPowerctrl/app/build/intermediates/classes-proguard/debug/classes.jar
7f4cd017f000-7f4cd0180000 ---p 00000000 00:00 0 
7f4cd0180000-7f4cd0280000 rw-p 00000000 00:00 0                          [stack:15308]
7f4cd0280000-7f4cd0283000 ---p 00000000 00:00 0 
7f4cd0283000-7f4cd0381000 rw-p 00000000 00:00 0                          [stack:15307]
7f4cd0381000-7f4cd0384000 ---p 00000000 00:00 0 
7f4cd0384000-7f4cd0482000 rw-p 00000000 00:00 0                          [stack:15306]
7f4cd0482000-7f4cd0485000 ---p 00000000 00:00 0 
7f4cd0485000-7f4cd0583000 rw-p 00000000 00:00 0                          [stack:15305]
7f4cd0583000-7f4cd0586000 ---p 00000000 00:00 0 
7f4cd0586000-7f4cd0684000 rw-p 00000000 00:00 0                          [stack:15304]
7f4cd0684000-7f4cd0687000 ---p 00000000 00:00 0 
7f4cd0687000-7f4cd0785000 rw-p 00000000 00:00 0                          [stack:15303]
7f4cd0785000-7f4cd0788000 ---p 00000000 00:00 0 
7f4cd0788000-7f4cd0886000 rw-p 00000000 00:00 0                          [stack:15302]
7f4cd0886000-7f4cd0889000 ---p 00000000 00:00 0 
7f4cd0889000-7f4cd0987000 rw-p 00000000 00:00 0                          [stack:15301]
7f4cd0987000-7f4cd098a000 ---p 00000000 00:00 0 
7f4cd098a000-7f4cd0a88000 rw-p 00000000 00:00 0                          [stack:15300]
7f4cd0a88000-7f4cd0a89000 ---p 00000000 00:00 0 
7f4cd0a89000-7f4cd4000000 rw-p 00000000 00:00 0                          [stack:15299]
7f4cd4000000-7f4cd4021000 rw-p 00000000 00:00 0 
7f4cd4021000-7f4cd8000000 ---p 00000000 00:00 0 
7f4cd8000000-7f4cd8627000 rw-p 00000000 00:00 0 
7f4cd8627000-7f4cd8800000 r--s 03cc2000 08:12 1844552                    /usr/java/jdk1.8.0_40/jre/lib/rt.jar
7f4cd8800000-7f4cd8e80000 rw-p 00000000 00:00 0 
7f4cd8e80000-7f4cd9000000 ---p 00000000 00:00 0 
7f4cd9000000-7f4cd9ac0000 rwxp 00000000 00:00 0 
7f4cd9ac0000-7f4ce8000000 ---p 00000000 00:00 0 
7f4ce8000000-7f4ce83b3000 rw-p 00000000 00:00 0 
7f4ce83b3000-7f4cec000000 ---p 00000000 00:00 0 
7f4cec00a000-7f4cec011000 r--s 00000000 08:12 1968342                    /usr/lib64/gconv/gconv-modules.cache
7f4cec011000-7f4cec020000 r--s 000dd000 08:12 922456                     /home/david/bin/android-sdk/build-tools/22.0.1/lib/dx.jar
7f4cec020000-7f4cec43c000 rw-p 00000000 00:00 0 
7f4cec43c000-7f4cec43d000 ---p 00000000 00:00 0 
7f4cec43d000-7f4cec53d000 rw-p 00000000 00:00 0                          [stack:15298]
7f4cec53d000-7f4cec53e000 ---p 00000000 00:00 0 
7f4cec53e000-7f4cec63e000 rw-p 00000000 00:00 0                          [stack:15297]
7f4cec63e000-7f4cec63f000 ---p 00000000 00:00 0 
7f4cec63f000-7f4cec73f000 rw-p 00000000 00:00 0                          [stack:15296]
7f4cec73f000-7f4cec740000 ---p 00000000 00:00 0 
7f4cec740000-7f4cec840000 rw-p 00000000 00:00 0                          [stack:15295]
7f4cec840000-7f4cec841000 ---p 00000000 00:00 0 
7f4cec841000-7f4cec941000 rw-p 00000000 00:00 0                          [stack:15294]
7f4cec941000-7f4cec942000 ---p 00000000 00:00 0 
7f4cec942000-7f4ceca42000 rw-p 00000000 00:00 0                          [stack:15293]
7f4ceca42000-7f4ceca43000 ---p 00000000 00:00 0 
7f4ceca43000-7f4cecb43000 rw-p 00000000 00:00 0                          [stack:15292]
7f4cecb43000-7f4cecb44000 ---p 00000000 00:00 0 
7f4cecb44000-7f4cecc95000 rw-p 00000000 00:00 0                          [stack:15291]
7f4cecc95000-7f4cecd9a000 ---p 00000000 00:00 0 
7f4cecd9a000-7f4cecdeb000 rw-p 00000000 00:00 0 
7f4cecdeb000-7f4ceceef000 ---p 00000000 00:00 0 
7f4ceceef000-7f4cecf9a000 rw-p 00000000 00:00 0 
7f4cecf9a000-7f4cecfc6000 rw-p 00000000 00:00 0 
7f4cecfc6000-7f4ced35b000 ---p 00000000 00:00 0 
7f4ced35b000-7f4ced375000 r-xp 00000000 08:12 1835251                    /usr/java/jdk1.8.0_40/jre/lib/amd64/libzip.so
7f4ced375000-7f4ced575000 ---p 0001a000 08:12 1835251                    /usr/java/jdk1.8.0_40/jre/lib/amd64/libzip.so
7f4ced575000-7f4ced576000 rw-p 0001a000 08:12 1835251                    /usr/java/jdk1.8.0_40/jre/lib/amd64/libzip.so
7f4ced576000-7f4ced582000 r-xp 00000000 08:12 1719945                    /usr/lib64/libnss_files-2.21.so
7f4ced582000-7f4ced781000 ---p 0000c000 08:12 1719945                    /usr/lib64/libnss_files-2.21.so
7f4ced781000-7f4ced782000 r--p 0000b000 08:12 1719945                    /usr/lib64/libnss_files-2.21.so
7f4ced782000-7f4ced783000 rw-p 0000c000 08:12 1719945                    /usr/lib64/libnss_files-2.21.so
7f4ced783000-7f4ced7ad000 r-xp 00000000 08:12 1835215                    /usr/java/jdk1.8.0_40/jre/lib/amd64/libjava.so
7f4ced7ad000-7f4ced9ad000 ---p 0002a000 08:12 1835215                    /usr/java/jdk1.8.0_40/jre/lib/amd64/libjava.so
7f4ced9ad000-7f4ced9af000 rw-p 0002a000 08:12 1835215                    /usr/java/jdk1.8.0_40/jre/lib/amd64/libjava.so
7f4ced9af000-7f4ced9bc000 r-xp 00000000 08:12 1835250                    /usr/java/jdk1.8.0_40/jre/lib/amd64/libverify.so
7f4ced9bc000-7f4cedbbc000 ---p 0000d000 08:12 1835250                    /usr/java/jdk1.8.0_40/jre/lib/amd64/libverify.so
7f4cedbbc000-7f4cedbbe000 rw-p 0000d000 08:12 1835250                    /usr/java/jdk1.8.0_40/jre/lib/amd64/libverify.so
7f4cedbbe000-7f4cedbc5000 r-xp 00000000 08:12 1719954                    /usr/lib64/librt-2.21.so
7f4cedbc5000-7f4ceddc4000 ---p 00007000 08:12 1719954                    /usr/lib64/librt-2.21.so
7f4ceddc4000-7f4ceddc5000 r--p 00006000 08:12 1719954                    /usr/lib64/librt-2.21.so
7f4ceddc5000-7f4ceddc6000 rw-p 00007000 08:12 1719954                    /usr/lib64/librt-2.21.so
7f4ceddc6000-7f4cedecd000 r-xp 00000000 08:12 1714293                    /usr/lib64/libm-2.21.so
7f4cedecd000-7f4cee0cc000 ---p 00107000 08:12 1714293                    /usr/lib64/libm-2.21.so
7f4cee0cc000-7f4cee0cd000 r--p 00106000 08:12 1714293                    /usr/lib64/libm-2.21.so
7f4cee0cd000-7f4cee0ce000 rw-p 00107000 08:12 1714293                    /usr/lib64/libm-2.21.so
7f4cee0ce000-7f4ceed7c000 r-xp 00000000 08:12 1835255                    /usr/java/jdk1.8.0_40/jre/lib/amd64/server/libjvm.so
7f4ceed7c000-7f4ceef7b000 ---p 00cae000 08:12 1835255                    /usr/java/jdk1.8.0_40/jre/lib/amd64/server/libjvm.so
7f4ceef7b000-7f4cef052000 rw-p 00cad000 08:12 1835255                    /usr/java/jdk1.8.0_40/jre/lib/amd64/server/libjvm.so
7f4cef052000-7f4cef096000 rw-p 00000000 00:00 0 
7f4cef096000-7f4cef24c000 r-xp 00000000 08:12 1711962                    /usr/lib64/libc-2.21.so
7f4cef24c000-7f4cef44c000 ---p 001b6000 08:12 1711962                    /usr/lib64/libc-2.21.so
7f4cef44c000-7f4cef450000 r--p 001b6000 08:12 1711962                    /usr/lib64/libc-2.21.so
7f4cef450000-7f4cef452000 rw-p 001ba000 08:12 1711962                    /usr/lib64/libc-2.21.so
7f4cef452000-7f4cef456000 rw-p 00000000 00:00 0 
7f4cef456000-7f4cef459000 r-xp 00000000 08:12 1714291                    /usr/lib64/libdl-2.21.so
7f4cef459000-7f4cef658000 ---p 00003000 08:12 1714291                    /usr/lib64/libdl-2.21.so
7f4cef658000-7f4cef659000 r--p 00002000 08:12 1714291                    /usr/lib64/libdl-2.21.so
7f4cef659000-7f4cef65a000 rw-p 00003000 08:12 1714291                    /usr/lib64/libdl-2.21.so
7f4cef65a000-7f4cef66f000 r-xp 00000000 08:12 1835519                    /usr/java/jdk1.8.0_40/lib/amd64/jli/libjli.so
7f4cef66f000-7f4cef86f000 ---p 00015000 08:12 1835519                    /usr/java/jdk1.8.0_40/lib/amd64/jli/libjli.so
7f4cef86f000-7f4cef870000 rw-p 00015000 08:12 1835519                    /usr/java/jdk1.8.0_40/lib/amd64/jli/libjli.so
7f4cef870000-7f4cef887000 r-xp 00000000 08:12 1711364                    /usr/lib64/libpthread-2.21.so
7f4cef887000-7f4cefa86000 ---p 00017000 08:12 1711364                    /usr/lib64/libpthread-2.21.so
7f4cefa86000-7f4cefa87000 r--p 00016000 08:12 1711364                    /usr/lib64/libpthread-2.21.so
7f4cefa87000-7f4cefa88000 rw-p 00017000 08:12 1711364                    /usr/lib64/libpthread-2.21.so
7f4cefa88000-7f4cefa8c000 rw-p 00000000 00:00 0 
7f4cefa8c000-7f4cefaad000 r-xp 00000000 08:12 1713348                    /usr/lib64/ld-2.21.so
7f4cefab2000-7f4cefb84000 rw-p 00000000 00:00 0 
7f4cefb84000-7f4cefb87000 ---p 00000000 00:00 0 
7f4cefb87000-7f4cefc89000 rw-p 00000000 00:00 0                          [stack:15290]
7f4cefc8c000-7f4cefca1000 rw-p 00000000 00:00 0 
7f4cefca1000-7f4cefca9000 rw-s 00000000 00:22 1688239                    /tmp/hsperfdata_david/15286
7f4cefca9000-7f4cefcaa000 rw-p 00000000 00:00 0 
7f4cefcaa000-7f4cefcab000 ---p 00000000 00:00 0 
7f4cefcab000-7f4cefcac000 rw-p 00000000 00:00 0 
7f4cefcac000-7f4cefcad000 r--p 00020000 08:12 1713348                    /usr/lib64/ld-2.21.so
7f4cefcad000-7f4cefcae000 rw-p 00021000 08:12 1713348                    /usr/lib64/ld-2.21.so
7f4cefcae000-7f4cefcaf000 rw-p 00000000 00:00 0 
7ffc0c822000-7ffc0c843000 rw-p 00000000 00:00 0                          [stack]
7ffc0c90d000-7ffc0c90f000 r--p 00000000 00:00 0                          [vvar]
7ffc0c90f000-7ffc0c911000 r-xp 00000000 00:00 0                          [vdso]
ffffffffff600000-ffffffffff601000 r-xp 00000000 00:00 0                  [vsyscall]

VM Arguments:
jvm_args: -Xmx1024M -Dfile.encoding=UTF-8 -Duser.country=DE -Duser.language=de -Duser.variant 
java_command: com.android.dx.command.Main --dex --output /run/media/david/apps/Entwicklung/android_sdk/NetPowerctrl/app/build/intermediates/dex/debug /run/media/david/apps/Entwicklung/android_sdk/NetPowerctrl/app/build/intermediates/classes-proguard/debug/classes.jar
java_class_path (initial): /home/david/bin/android-sdk/build-tools/22.0.1/lib/dx.jar
Launcher Type: SUN_STANDARD

Environment Variables:
PATH=/usr/lib64/qt-3.3/bin:/usr/local/bin:/usr/local/sbin:/usr/bin:/usr/sbin:/bin:/sbin:/home/david/.local/bin:/home/david/bin:/home/david/bin/android-sdk/platform-tools
USERNAME=david
LD_LIBRARY_PATH=/home/david/bin/android-studio/bin:
SHELL=/bin/bash
DISPLAY=:1

Signal Handlers:
SIGSEGV: [libjvm.so+0xaad2e0], sa_mask[0]=11111111011111111101111111111110, sa_flags=SA_RESTART|SA_SIGINFO
SIGBUS: [libjvm.so+0xaad2e0], sa_mask[0]=11111111011111111101111111111110, sa_flags=SA_RESTART|SA_SIGINFO
SIGFPE: [libjvm.so+0x90b550], sa_mask[0]=11111111011111111101111111111110, sa_flags=SA_RESTART|SA_SIGINFO
SIGPIPE: [libjvm.so+0x90b550], sa_mask[0]=11111111011111111101111111111110, sa_flags=SA_RESTART|SA_SIGINFO
SIGXFSZ: [libjvm.so+0x90b550], sa_mask[0]=11111111011111111101111111111110, sa_flags=SA_RESTART|SA_SIGINFO
SIGILL: [libjvm.so+0x90b550], sa_mask[0]=11111111011111111101111111111110, sa_flags=SA_RESTART|SA_SIGINFO
SIGUSR1: SIG_DFL, sa_mask[0]=00000000000000000000000000000000, sa_flags=none
SIGUSR2: [libjvm.so+0x90cb90], sa_mask[0]=00100000000000000000000000000000, sa_flags=SA_RESTART|SA_SIGINFO
SIGHUP: [libjvm.so+0x90dee0], sa_mask[0]=11111111011111111101111111111110, sa_flags=SA_RESTART|SA_SIGINFO
SIGINT: [libjvm.so+0x90dee0], sa_mask[0]=11111111011111111101111111111110, sa_flags=SA_RESTART|SA_SIGINFO
SIGTERM: [libjvm.so+0x90dee0], sa_mask[0]=11111111011111111101111111111110, sa_flags=SA_RESTART|SA_SIGINFO
SIGQUIT: [libjvm.so+0x90dee0], sa_mask[0]=11111111011111111101111111111110, sa_flags=SA_RESTART|SA_SIGINFO


---------------  S Y S T E M  ---------------

OS:Fedora release 22 (Twenty Two)

uname:Linux 4.0.0-1.fc22.x86_64 #1 SMP Mon Apr 13 10:03:33 UTC 2015 x86_64
libc:glibc 2.21 NPTL 2.21 
rlimit: STACK 8192k, CORE 0k, NPROC 4096, NOFILE 4096, AS infinity
load average:0,88 0,54 0,60

/proc/meminfo:
MemTotal:        8050072 kB
MemFree:          131028 kB
MemAvailable:      83084 kB
Buffers:            1256 kB
Cached:            70896 kB
SwapCached:            0 kB
Active:          7472640 kB
Inactive:          55148 kB
Active(anon):    7458096 kB
Inactive(anon):    43072 kB
Active(file):      14544 kB
Inactive(file):    12076 kB
Unevictable:         256 kB
Mlocked:             256 kB
SwapTotal:             0 kB
SwapFree:              0 kB
Dirty:              2648 kB
Writeback:             0 kB
AnonPages:       7456452 kB
Mapped:           157772 kB
Shmem:             45092 kB
Slab:             115800 kB
SReclaimable:      46432 kB
SUnreclaim:        69368 kB
KernelStack:       13824 kB
PageTables:        73284 kB
NFS_Unstable:          0 kB
Bounce:                0 kB
WritebackTmp:          0 kB
CommitLimit:     4025036 kB
Committed_AS:   14067620 kB
VmallocTotal:   34359738367 kB
VmallocUsed:      155132 kB
VmallocChunk:   34359578620 kB
HardwareCorrupted:     0 kB
AnonHugePages:         0 kB
HugePages_Total:       0
HugePages_Free:        0
HugePages_Rsvd:        0
HugePages_Surp:        0
Hugepagesize:       2048 kB
DirectMap4k:      449740 kB
DirectMap2M:     7813120 kB
DirectMap1G:           0 kB


CPU:total 8 (4 cores per cpu, 2 threads per core) family 6 model 60 stepping 3, cmov, cx8, fxsr, mmx, sse, sse2, sse3, ssse3, sse4.1, sse4.2, popcnt, avx, avx2, aes, clmul, erms, lzcnt, ht, tsc, tscinvbit, bmi1, bmi2

/proc/cpuinfo:
processor	: 0
vendor_id	: GenuineIntel
cpu family	: 6
model		: 60
model name	: Intel(R) Core(TM) i7-4770 CPU @ 3.40GHz
stepping	: 3
microcode	: 0x1c
cpu MHz		: 3795.515
cache size	: 8192 KB
physical id	: 0
siblings	: 8
core id		: 0
cpu cores	: 4
apicid		: 0
initial apicid	: 0
fpu		: yes
fpu_exception	: yes
cpuid level	: 13
wp		: yes
flags		: fpu vme de pse tsc msr pae mce cx8 apic sep mtrr pge mca cmov pat pse36 clflush dts acpi mmx fxsr sse sse2 ss ht tm pbe syscall nx pdpe1gb rdtscp lm constant_tsc arch_perfmon pebs bts rep_good nopl xtopology nonstop_tsc aperfmperf eagerfpu pni pclmulqdq dtes64 monitor ds_cpl vmx smx est tm2 ssse3 fma cx16 xtpr pdcm pcid sse4_1 sse4_2 x2apic movbe popcnt tsc_deadline_timer aes xsave avx f16c rdrand lahf_lm abm ida arat pln pts dtherm tpr_shadow vnmi flexpriority ept vpid fsgsbase tsc_adjust bmi1 avx2 smep bmi2 erms invpcid xsaveopt
bugs		:
bogomips	: 6784.27
clflush size	: 64
cache_alignment	: 64
address sizes	: 39 bits physical, 48 bits virtual
power management:

processor	: 1
vendor_id	: GenuineIntel
cpu family	: 6
model		: 60
model name	: Intel(R) Core(TM) i7-4770 CPU @ 3.40GHz
stepping	: 3
microcode	: 0x1c
cpu MHz		: 3816.500
cache size	: 8192 KB
physical id	: 0
siblings	: 8
core id		: 1
cpu cores	: 4
apicid		: 2
initial apicid	: 2
fpu		: yes
fpu_exception	: yes
cpuid level	: 13
wp		: yes
flags		: fpu vme de pse tsc msr pae mce cx8 apic sep mtrr pge mca cmov pat pse36 clflush dts acpi mmx fxsr sse sse2 ss ht tm pbe syscall nx pdpe1gb rdtscp lm constant_tsc arch_perfmon pebs bts rep_good nopl xtopology nonstop_tsc aperfmperf eagerfpu pni pclmulqdq dtes64 monitor ds_cpl vmx smx est tm2 ssse3 fma cx16 xtpr pdcm pcid sse4_1 sse4_2 x2apic movbe popcnt tsc_deadline_timer aes xsave avx f16c rdrand lahf_lm abm ida arat pln pts dtherm tpr_shadow vnmi flexpriority ept vpid fsgsbase tsc_adjust bmi1 avx2 smep bmi2 erms invpcid xsaveopt
bugs		:
bogomips	: 6784.27
clflush size	: 64
cache_alignment	: 64
address sizes	: 39 bits physical, 48 bits virtual
power management:

processor	: 2
vendor_id	: GenuineIntel
cpu family	: 6
model		: 60
model name	: Intel(R) Core(TM) i7-4770 CPU @ 3.40GHz
stepping	: 3
microcode	: 0x1c
cpu MHz		: 3774.929
cache size	: 8192 KB
physical id	: 0
siblings	: 8
core id		: 2
cpu cores	: 4
apicid		: 4
initial apicid	: 4
fpu		: yes
fpu_exception	: yes
cpuid level	: 13
wp		: yes
flags		: fpu vme de pse tsc msr pae mce cx8 apic sep mtrr pge mca cmov pat pse36 clflush dts acpi mmx fxsr sse sse2 ss ht tm pbe syscall nx pdpe1gb rdtscp lm constant_tsc arch_perfmon pebs bts rep_good nopl xtopology nonstop_tsc aperfmperf eagerfpu pni pclmulqdq dtes64 monitor ds_cpl vmx smx est tm2 ssse3 fma cx16 xtpr pdcm pcid sse4_1 sse4_2 x2apic movbe popcnt tsc_deadline_timer aes xsave avx f16c rdrand lahf_lm abm ida arat pln pts dtherm tpr_shadow vnmi flexpriority ept vpid fsgsbase tsc_adjust bmi1 avx2 smep bmi2 erms invpcid xsaveopt
bugs		:
bogomips	: 6784.27
clflush size	: 64
cache_alignment	: 64
address sizes	: 39 bits physical, 48 bits virtual
power management:

processor	: 3
vendor_id	: GenuineIntel
cpu family	: 6
model		: 60
model name	: Intel(R) Core(TM) i7-4770 CPU @ 3.40GHz
stepping	: 3
microcode	: 0x1c
cpu MHz		: 3881.179
cache size	: 8192 KB
physical id	: 0
siblings	: 8
core id		: 3
cpu cores	: 4
apicid		: 6
initial apicid	: 6
fpu		: yes
fpu_exception	: yes
cpuid level	: 13
wp		: yes
flags		: fpu vme de pse tsc msr pae mce cx8 apic sep mtrr pge mca cmov pat pse36 clflush dts acpi mmx fxsr sse sse2 ss ht tm pbe syscall nx pdpe1gb rdtscp lm constant_tsc arch_perfmon pebs bts rep_good nopl xtopology nonstop_tsc aperfmperf eagerfpu pni pclmulqdq dtes64 monitor ds_cpl vmx smx est tm2 ssse3 fma cx16 xtpr pdcm pcid sse4_1 sse4_2 x2apic movbe popcnt tsc_deadline_timer aes xsave avx f16c rdrand lahf_lm abm ida arat pln pts dtherm tpr_shadow vnmi flexpriority ept vpid fsgsbase tsc_adjust bmi1 avx2 smep bmi2 erms invpcid xsaveopt
bugs		:
bogomips	: 6784.27
clflush size	: 64
cache_alignment	: 64
address sizes	: 39 bits physical, 48 bits virtual
power management:

processor	: 4
vendor_id	: GenuineIntel
cpu family	: 6
model		: 60
model name	: Intel(R) Core(TM) i7-4770 CPU @ 3.40GHz
stepping	: 3
microcode	: 0x1c
cpu MHz		: 3877.859
cache size	: 8192 KB
physical id	: 0
siblings	: 8
core id		: 0
cpu cores	: 4
apicid		: 1
initial apicid	: 1
fpu		: yes
fpu_exception	: yes
cpuid level	: 13
wp		: yes
flags		: fpu vme de pse tsc msr pae mce cx8 apic sep mtrr pge mca cmov pat pse36 clflush dts acpi mmx fxsr sse sse2 ss ht tm pbe syscall nx pdpe1gb rdtscp lm constant_tsc arch_perfmon pebs bts rep_good nopl xtopology nonstop_tsc aperfmperf eagerfpu pni pclmulqdq dtes64 monitor ds_cpl vmx smx est tm2 ssse3 fma cx16 xtpr pdcm pcid sse4_1 sse4_2 x2apic movbe popcnt tsc_deadline_timer aes xsave avx f16c rdrand lahf_lm abm ida arat pln pts dtherm tpr_shadow vnmi flexpriority ept vpid fsgsbase tsc_adjust bmi1 avx2 smep bmi2 erms invpcid xsaveopt
bugs		:
bogomips	: 6784.27
clflush size	: 64
cache_alignment	: 64
address sizes	: 39 bits physical, 48 bits virtual
power management:

processor	: 5
vendor_id	: GenuineIntel
cpu family	: 6
model		: 60
model name	: Intel(R) Core(TM) i7-4770 CPU @ 3.40GHz
stepping	: 3
microcode	: 0x1c
cpu MHz		: 3800.296
cache size	: 8192 KB
physical id	: 0
siblings	: 8
core id		: 1
cpu cores	: 4
apicid		: 3
initial apicid	: 3
fpu		: yes
fpu_exception	: yes
cpuid level	: 13
wp		: yes
flags		: fpu vme de pse tsc msr pae mce cx8 apic sep mtrr pge mca cmov pat pse36 clflush dts acpi mmx fxsr sse sse2 ss ht tm pbe syscall nx pdpe1gb rdtscp lm constant_tsc arch_perfmon pebs bts rep_good nopl xtopology nonstop_tsc aperfmperf eagerfpu pni pclmulqdq dtes64 monitor ds_cpl vmx smx est tm2 ssse3 fma cx16 xtpr pdcm pcid sse4_1 sse4_2 x2apic movbe popcnt tsc_deadline_timer aes xsave avx f16c rdrand lahf_lm abm ida arat pln pts dtherm tpr_shadow vnmi flexpriority ept vpid fsgsbase tsc_adjust bmi1 avx2 smep bmi2 erms invpcid xsaveopt
bugs		:
bogomips	: 6784.27
clflush size	: 64
cache_alignment	: 64
address sizes	: 39 bits physical, 48 bits virtual
power management:

processor	: 6
vendor_id	: GenuineIntel
cpu family	: 6
model		: 60
model name	: Intel(R) Core(TM) i7-4770 CPU @ 3.40GHz
stepping	: 3
microcode	: 0x1c
cpu MHz		: 3846.382
cache size	: 8192 KB
physical id	: 0
siblings	: 8
core id		: 2
cpu cores	: 4
apicid		: 5
initial apicid	: 5
fpu		: yes
fpu_exception	: yes
cpuid level	: 13
wp		: yes
flags		: fpu vme de pse tsc msr pae mce cx8 apic sep mtrr pge mca cmov pat pse36 clflush dts acpi mmx fxsr sse sse2 ss ht tm pbe syscall nx pdpe1gb rdtscp lm constant_tsc arch_perfmon pebs bts rep_good nopl xtopology nonstop_tsc aperfmperf eagerfpu pni pclmulqdq dtes64 monitor ds_cpl vmx smx est tm2 ssse3 fma cx16 xtpr pdcm pcid sse4_1 sse4_2 x2apic movbe popcnt tsc_deadline_timer aes xsave avx f16c rdrand lahf_lm abm ida arat pln pts dtherm tpr_shadow vnmi flexpriority ept vpid fsgsbase tsc_adjust bmi1 avx2 smep bmi2 erms invpcid xsaveopt
bugs		:
bogomips	: 6784.27
clflush size	: 64
cache_alignment	: 64
address sizes	: 39 bits physical, 48 bits virtual
power management:

processor	: 7
vendor_id	: GenuineIntel
cpu family	: 6
model		: 60
model name	: Intel(R) Core(TM) i7-4770 CPU @ 3.40GHz
stepping	: 3
microcode	: 0x1c
cpu MHz		: 3699.890
cache size	: 8192 KB
physical id	: 0
siblings	: 8
core id		: 3
cpu cores	: 4
apicid		: 7
initial apicid	: 7
fpu		: yes
fpu_exception	: yes
cpuid level	: 13
wp		: yes
flags		: fpu vme de pse tsc msr pae mce cx8 apic sep mtrr pge mca cmov pat pse36 clflush dts acpi mmx fxsr sse sse2 ss ht tm pbe syscall nx pdpe1gb rdtscp lm constant_tsc arch_perfmon pebs bts rep_good nopl xtopology nonstop_tsc aperfmperf eagerfpu pni pclmulqdq dtes64 monitor ds_cpl vmx smx est tm2 ssse3 fma cx16 xtpr pdcm pcid sse4_1 sse4_2 x2apic movbe popcnt tsc_deadline_timer aes xsave avx f16c rdrand lahf_lm abm ida arat pln pts dtherm tpr_shadow vnmi flexpriority ept vpid fsgsbase tsc_adjust bmi1 avx2 smep bmi2 erms invpcid xsaveopt
bugs		:
bogomips	: 6784.27
clflush size	: 64
cache_alignment	: 64
address sizes	: 39 bits physical, 48 bits virtual
power management:



Memory: 4k page, physical 8050072k(132036k free), swap 0k(0k free)

vm_info: Java HotSpot(TM) 64-Bit Server VM (25.40-b25) for linux-amd64 JRE (1.8.0_40-b26), built on Mar  7 2015 15:08:31 by "java_re" with gcc 4.3.0 20080428 (Red Hat 4.3.0-8)

time: Thu May  7 01:55:44 2015
elapsed time: 5 seconds (0d 0h 0m 5s)

