#
# There is insufficient memory for the Java Runtime Environment to continue.
# Native memory allocation (mmap) failed to map 136314880 bytes for committing reserved memory.
# Possible reasons:
#   The system is out of physical RAM or swap space
#   In 32 bit mode, the process size limit was hit
# Possible solutions:
#   Reduce memory load on the system
#   Increase physical memory or swap space
#   Check if swap backing store is full
#   Use 64 bit Java on a 64 bit OS
#   Decrease Java heap size (-Xmx/-Xms)
#   Decrease number of Java threads
#   Decrease Java thread stack sizes (-Xss)
#   Set larger code cache with -XX:ReservedCodeCacheSize=
# This output file may be truncated or incomplete.
#
#  Out of Memory Error (os_linux.cpp:2673), pid=12500, tid=140658438567680
#
# JRE version: Java(TM) SE Runtime Environment (8.0_40-b26) (build 1.8.0_40-b26)
# Java VM: Java HotSpot(TM) 64-Bit Server VM (25.40-b25 mixed mode linux-amd64 compressed oops)
# Failed to write core dump. Core dumps have been disabled. To enable core dumping, try "ulimit -c unlimited" before starting Java again
#

---------------  T H R E A D  ---------------

Current thread (0x00007fedb007f800):  VMThread [stack: 0x00007fed9833f000,0x00007fed98440000] [id=12514]

Stack: [0x00007fed9833f000,0x00007fed98440000],  sp=0x00007fed9843e1a0,  free space=1020k
Native frames: (J=compiled Java code, j=interpreted, Vv=VM code, C=native code)
V  [libjvm.so+0xaaca9a]  VMError::report_and_die()+0x2ba
V  [libjvm.so+0x4f333b]  report_vm_out_of_memory(char const*, int, unsigned long, VMErrorType, char const*)+0x8b
V  [libjvm.so+0x90e8c3]  os::Linux::commit_memory_impl(char*, unsigned long, bool)+0x103
V  [libjvm.so+0x90ee19]  os::pd_commit_memory(char*, unsigned long, unsigned long, bool)+0x29
V  [libjvm.so+0x90877a]  os::commit_memory(char*, unsigned long, unsigned long, bool)+0x2a
V  [libjvm.so+0x97bbc3]  PSVirtualSpace::expand_by(unsigned long)+0x53
V  [libjvm.so+0x96c420]  PSOldGen::expand(unsigned long)+0x170
V  [libjvm.so+0x96c62b]  PSOldGen::resize(unsigned long)+0x1cb
V  [libjvm.so+0x974341]  PSParallelCompact::invoke_no_policy(bool)+0x9d1
V  [libjvm.so+0x979ced]  PSScavenge::invoke()+0x1ad
V  [libjvm.so+0x932150]  ParallelScavengeHeap::failed_mem_allocate(unsigned long)+0x70
V  [libjvm.so+0xaae2d7]  VM_ParallelGCFailedAllocation::doit()+0x97
V  [libjvm.so+0xab5ac5]  VM_Operation::evaluate()+0x55
V  [libjvm.so+0xab3e9a]  VMThread::evaluate_operation(VM_Operation*)+0xba
V  [libjvm.so+0xab421e]  VMThread::loop()+0x1ce
V  [libjvm.so+0xab4690]  VMThread::run()+0x70
V  [libjvm.so+0x910ee8]  java_start(Thread*)+0x108

VM_Operation (0x00007fedb7521aa0): ParallelGCFailedAllocation, mode: safepoint, requested by thread 0x00007fedb0009000


---------------  P R O C E S S  ---------------

Java Threads: ( => current thread )
  0x00007fedb00d4800 JavaThread "Service Thread" daemon [_thread_blocked, id=12522, stack(0x00007fed87afb000,0x00007fed87bfc000)]
  0x00007fedb00c7800 JavaThread "C1 CompilerThread3" daemon [_thread_blocked, id=12521, stack(0x00007fed87bfc000,0x00007fed87cfd000)]
  0x00007fedb00c5000 JavaThread "C2 CompilerThread2" daemon [_thread_blocked, id=12520, stack(0x00007fed87cfd000,0x00007fed87dfe000)]
  0x00007fedb00c3800 JavaThread "C2 CompilerThread1" daemon [_thread_in_native, id=12519, stack(0x00007fed87dfe000,0x00007fed87eff000)]
  0x00007fedb00c0800 JavaThread "C2 CompilerThread0" daemon [_thread_blocked, id=12518, stack(0x00007fed87eff000,0x00007fed88000000)]
  0x00007fedb00bf000 JavaThread "Signal Dispatcher" daemon [_thread_blocked, id=12517, stack(0x00007fed9803c000,0x00007fed9813d000)]
  0x00007fedb0086800 JavaThread "Finalizer" daemon [_thread_blocked, id=12516, stack(0x00007fed9813d000,0x00007fed9823e000)]
  0x00007fedb0084800 JavaThread "Reference Handler" daemon [_thread_blocked, id=12515, stack(0x00007fed9823e000,0x00007fed9833f000)]
  0x00007fedb0009000 JavaThread "main" [_thread_blocked, id=12505, stack(0x00007fedb7423000,0x00007fedb7524000)]

Other Threads:
=>0x00007fedb007f800 VMThread [stack: 0x00007fed9833f000,0x00007fed98440000] [id=12514]
  0x00007fedb00d7000 WatcherThread [stack: 0x00007fed879fa000,0x00007fed87afb000] [id=12523]

VM state:at safepoint (normal execution)

VM Mutex/Monitor currently owned by a thread:  ([mutex/lock_event])
[0x00007fedb0005c50] ExpandHeap_lock - owner thread: 0x00007fedb007f800
[0x00007fedb00062d0] Threads_lock - owner thread: 0x00007fedb007f800
[0x00007fedb00067d0] Heap_lock - owner thread: 0x00007fedb0009000

Heap:
 PSYoungGen      total 241664K, used 33965K [0x00000000eab00000, 0x0000000100000000, 0x0000000100000000)
  eden space 178176K, 0% used [0x00000000eab00000,0x00000000eab00000,0x00000000f5900000)
  from space 63488K, 53% used [0x00000000fc200000,0x00000000fe32b428,0x0000000100000000)
  to   space 85504K, 0% used [0x00000000f5900000,0x00000000f5900000,0x00000000fac80000)
 ParOldGen       total 169472K, used 169189K [0x00000000c0000000, 0x00000000ca580000, 0x00000000eab00000)
  object space 169472K, 99% used [0x00000000c0000000,0x00000000ca539590,0x00000000ca580000)
 Metaspace       used 6089K, capacity 7216K, committed 7296K, reserved 1056768K
  class space    used 572K, capacity 616K, committed 640K, reserved 1048576K

Card table byte_map: [0x00007fedb4639000,0x00007fedb483a000] byte_map_base: 0x00007fedb4039000

Marking Bits: (ParMarkBitMap*) 0x00007fedb690a6c0
 Begin Bits: [0x00007fed9a000000, 0x00007fed9b000000)
 End Bits:   [0x00007fed9b000000, 0x00007fed9c000000)

Polling page: 0x00007fedb7549000

CodeCache: size=245760Kb used=10613Kb max_used=10621Kb free=235146Kb
 bounds [0x00007feda1000000, 0x00007feda1a70000, 0x00007fedb0000000]
 total_blobs=2433 nmethods=2166 adapters=178
 compilation: enabled

Compilation events (10 events):
Event: 4,396 Thread 0x00007fedb00c5000 1902       4       com.android.dx.dex.code.RopTranslator$TranslationVisitor::visitPlainInsn (161 bytes)
Event: 4,400 Thread 0x00007fedb00c7800 2263       2       com.android.dx.cf.code.ByteCatchList::get (9 bytes)
Event: 4,400 Thread 0x00007fedb00c7800 nmethod 2263 0x00007feda19d26d0 code [0x00007feda19d2840, 0x00007feda19d29e8]
Event: 4,400 Thread 0x00007fedb00c7800 2265       2       com.android.dx.cf.code.ByteCatchList::listFor (120 bytes)
Event: 4,401 Thread 0x00007fedb00c7800 nmethod 2265 0x00007feda1a22810 code [0x00007feda1a22a20, 0x00007feda1a23388]
Event: 4,401 Thread 0x00007fedb00c7800 2264       2       com.android.dx.cf.code.ByteCatchList$Item::covers (22 bytes)
Event: 4,401 Thread 0x00007fedb00c7800 nmethod 2264 0x00007feda1a22450 code [0x00007feda1a225a0, 0x00007feda1a22710]
Event: 4,417 Thread 0x00007fedb00c7800 2267   !   3       com.android.dx.cf.code.BasicBlocker::doit (156 bytes)
Event: 4,418 Thread 0x00007fedb00c5000 nmethod 1902 0x00007feda1a65b10 code [0x00007feda1a65dc0, 0x00007feda1a67388]
Event: 4,418 Thread 0x00007fedb00c7800 nmethod 2267 0x00007feda1a3dd90 code [0x00007feda1a3e020, 0x00007feda1a3f378]

GC Heap History (10 events):
Event: 2,599 GC heap after
Heap after GC invocations=7 (full 0):
 PSYoungGen      total 281600K, used 31229K [0x00000000eab00000, 0x0000000100000000, 0x0000000100000000)
  eden space 250368K, 0% used [0x00000000eab00000,0x00000000eab00000,0x00000000f9f80000)
  from space 31232K, 99% used [0x00000000f9f80000,0x00000000fbdff618,0x00000000fbe00000)
  to   space 51712K, 0% used [0x00000000fcd80000,0x00000000fcd80000,0x0000000100000000)
 ParOldGen       total 84992K, used 79903K [0x00000000c0000000, 0x00000000c5300000, 0x00000000eab00000)
  object space 84992K, 94% used [0x00000000c0000000,0x00000000c4e07e98,0x00000000c5300000)
 Metaspace       used 6061K, capacity 7216K, committed 7296K, reserved 1056768K
  class space    used 572K, capacity 616K, committed 640K, reserved 1048576K
}
Event: 2,599 GC heap before
{Heap before GC invocations=8 (full 1):
 PSYoungGen      total 281600K, used 31229K [0x00000000eab00000, 0x0000000100000000, 0x0000000100000000)
  eden space 250368K, 0% used [0x00000000eab00000,0x00000000eab00000,0x00000000f9f80000)
  from space 31232K, 99% used [0x00000000f9f80000,0x00000000fbdff618,0x00000000fbe00000)
  to   space 51712K, 0% used [0x00000000fcd80000,0x00000000fcd80000,0x0000000100000000)
 ParOldGen       total 84992K, used 79903K [0x00000000c0000000, 0x00000000c5300000, 0x00000000eab00000)
  object space 84992K, 94% used [0x00000000c0000000,0x00000000c4e07e98,0x00000000c5300000)
 Metaspace       used 6061K, capacity 7216K, committed 7296K, reserved 1056768K
  class space    used 572K, capacity 616K, committed 640K, reserved 1048576K
Event: 3,001 GC heap after
Heap after GC invocations=8 (full 1):
 PSYoungGen      total 281600K, used 22458K [0x00000000eab00000, 0x0000000100000000, 0x0000000100000000)
  eden space 250368K, 0% used [0x00000000eab00000,0x00000000eab00000,0x00000000f9f80000)
  from space 31232K, 71% used [0x00000000f9f80000,0x00000000fb56e950,0x00000000fbe00000)
  to   space 51712K, 0% used [0x00000000fcd80000,0x00000000fcd80000,0x0000000100000000)
 ParOldGen       total 169472K, used 84924K [0x00000000c0000000, 0x00000000ca580000, 0x00000000eab00000)
  object space 169472K, 50% used [0x00000000c0000000,0x00000000c52ef3d8,0x00000000ca580000)
 Metaspace       used 6061K, capacity 7216K, committed 7296K, reserved 1056768K
  class space    used 572K, capacity 616K, committed 640K, reserved 1048576K
}
Event: 3,470 GC heap before
{Heap before GC invocations=9 (full 1):
 PSYoungGen      total 281600K, used 272826K [0x00000000eab00000, 0x0000000100000000, 0x0000000100000000)
  eden space 250368K, 100% used [0x00000000eab00000,0x00000000f9f80000,0x00000000f9f80000)
  from space 31232K, 71% used [0x00000000f9f80000,0x00000000fb56e950,0x00000000fbe00000)
  to   space 51712K, 0% used [0x00000000fcd80000,0x00000000fcd80000,0x0000000100000000)
 ParOldGen       total 169472K, used 84924K [0x00000000c0000000, 0x00000000ca580000, 0x00000000eab00000)
  object space 169472K, 50% used [0x00000000c0000000,0x00000000c52ef3d8,0x00000000ca580000)
 Metaspace       used 6075K, capacity 7216K, committed 7296K, reserved 1056768K
  class space    used 572K, capacity 616K, committed 640K, reserved 1048576K
Event: 3,517 GC heap after
Heap after GC invocations=9 (full 1):
 PSYoungGen      total 273920K, used 51680K [0x00000000eab00000, 0x0000000100000000, 0x0000000100000000)
  eden space 222208K, 0% used [0x00000000eab00000,0x00000000eab00000,0x00000000f8400000)
  from space 51712K, 99% used [0x00000000fcd80000,0x00000000ffff8238,0x0000000100000000)
  to   space 63488K, 0% used [0x00000000f8400000,0x00000000f8400000,0x00000000fc200000)
 ParOldGen       total 169472K, used 90655K [0x00000000c0000000, 0x00000000ca580000, 0x00000000eab00000)
  object space 169472K, 53% used [0x00000000c0000000,0x00000000c5887ff0,0x00000000ca580000)
 Metaspace       used 6075K, capacity 7216K, committed 7296K, reserved 1056768K
  class space    used 572K, capacity 616K, committed 640K, reserved 1048576K
}
Event: 3,938 GC heap before
{Heap before GC invocations=10 (full 1):
 PSYoungGen      total 273920K, used 273888K [0x00000000eab00000, 0x0000000100000000, 0x0000000100000000)
  eden space 222208K, 100% used [0x00000000eab00000,0x00000000f8400000,0x00000000f8400000)
  from space 51712K, 99% used [0x00000000fcd80000,0x00000000ffff8238,0x0000000100000000)
  to   space 63488K, 0% used [0x00000000f8400000,0x00000000f8400000,0x00000000fc200000)
 ParOldGen       total 169472K, used 90655K [0x00000000c0000000, 0x00000000ca580000, 0x00000000eab00000)
  object space 169472K, 53% used [0x00000000c0000000,0x00000000c5887ff0,0x00000000ca580000)
 Metaspace       used 6081K, capacity 7216K, committed 7296K, reserved 1056768K
  class space    used 572K, capacity 616K, committed 640K, reserved 1048576K
Event: 3,989 GC heap after
Heap after GC invocations=10 (full 1):
 PSYoungGen      total 285696K, used 63482K [0x00000000eab00000, 0x0000000100000000, 0x0000000100000000)
  eden space 222208K, 0% used [0x00000000eab00000,0x00000000eab00000,0x00000000f8400000)
  from space 63488K, 99% used [0x00000000f8400000,0x00000000fc1fe820,0x00000000fc200000)
  to   space 63488K, 0% used [0x00000000fc200000,0x00000000fc200000,0x0000000100000000)
 ParOldGen       total 169472K, used 111397K [0x00000000c0000000, 0x00000000ca580000, 0x00000000eab00000)
  object space 169472K, 65% used [0x00000000c0000000,0x00000000c6cc97e8,0x00000000ca580000)
 Metaspace       used 6081K, capacity 7216K, committed 7296K, reserved 1056768K
  class space    used 572K, capacity 616K, committed 640K, reserved 1048576K
}
Event: 4,418 GC heap before
{Heap before GC invocations=11 (full 1):
 PSYoungGen      total 285696K, used 285690K [0x00000000eab00000, 0x0000000100000000, 0x0000000100000000)
  eden space 222208K, 100% used [0x00000000eab00000,0x00000000f8400000,0x00000000f8400000)
  from space 63488K, 99% used [0x00000000f8400000,0x00000000fc1fe820,0x00000000fc200000)
  to   space 63488K, 0% used [0x00000000fc200000,0x00000000fc200000,0x0000000100000000)
 ParOldGen       total 169472K, used 111397K [0x00000000c0000000, 0x00000000ca580000, 0x00000000eab00000)
  object space 169472K, 65% used [0x00000000c0000000,0x00000000c6cc97e8,0x00000000ca580000)
 Metaspace       used 6089K, capacity 7216K, committed 7296K, reserved 1056768K
  class space    used 572K, capacity 616K, committed 640K, reserved 1048576K
Event: 4,478 GC heap after
Heap after GC invocations=11 (full 1):
 PSYoungGen      total 241664K, used 54739K [0x00000000eab00000, 0x0000000100000000, 0x0000000100000000)
  eden space 178176K, 0% used [0x00000000eab00000,0x00000000eab00000,0x00000000f5900000)
  from space 63488K, 86% used [0x00000000fc200000,0x00000000ff774ea0,0x0000000100000000)
  to   space 85504K, 0% used [0x00000000f5900000,0x00000000f5900000,0x00000000fac80000)
 ParOldGen       total 169472K, used 155660K [0x00000000c0000000, 0x00000000ca580000, 0x00000000eab00000)
  object space 169472K, 91% used [0x00000000c0000000,0x00000000c9803178,0x00000000ca580000)
 Metaspace       used 6089K, capacity 7216K, committed 7296K, reserved 1056768K
  class space    used 572K, capacity 616K, committed 640K, reserved 1048576K
}
Event: 4,478 GC heap before
{Heap before GC invocations=12 (full 2):
 PSYoungGen      total 241664K, used 54739K [0x00000000eab00000, 0x0000000100000000, 0x0000000100000000)
  eden space 178176K, 0% used [0x00000000eab00000,0x00000000eab00000,0x00000000f5900000)
  from space 63488K, 86% used [0x00000000fc200000,0x00000000ff774ea0,0x0000000100000000)
  to   space 85504K, 0% used [0x00000000f5900000,0x00000000f5900000,0x00000000fac80000)
 ParOldGen       total 169472K, used 155660K [0x00000000c0000000, 0x00000000ca580000, 0x00000000eab00000)
  object space 169472K, 91% used [0x00000000c0000000,0x00000000c9803178,0x00000000ca580000)
 Metaspace       used 6089K, capacity 7216K, committed 7296K, reserved 1056768K
  class space    used 572K, capacity 616K, committed 640K, reserved 1048576K

Deoptimization events (10 events):
Event: 2,415 Thread 0x00007fedb0009000 Uncommon trap: reason=bimorphic action=maybe_recompile pc=0x00007feda19175ec method=com.android.dx.cf.code.BytecodeArray.parseInstruction(ILcom/android/dx/cf/code/BytecodeArray$Visitor;)I @ 1051
Event: 2,415 Thread 0x00007fedb0009000 Uncommon trap: reason=bimorphic action=maybe_recompile pc=0x00007feda19175ec method=com.android.dx.cf.code.BytecodeArray.parseInstruction(ILcom/android/dx/cf/code/BytecodeArray$Visitor;)I @ 1051
Event: 3,372 Thread 0x00007fedb0009000 Uncommon trap: reason=bimorphic action=maybe_recompile pc=0x00007feda176a458 method=com.android.dx.rop.code.RegisterSpec.getFrameType()Lcom/android/dx/rop/type/TypeBearer; @ 4
Event: 3,372 Thread 0x00007fedb0009000 Uncommon trap: reason=bimorphic action=maybe_recompile pc=0x00007feda1769bc0 method=com.android.dx.cf.code.OneLocalsArray.set(ILcom/android/dx/rop/type/TypeBearer;)V @ 85
Event: 3,552 Thread 0x00007fedb0009000 Uncommon trap: reason=bimorphic action=maybe_recompile pc=0x00007feda19a2e38 method=com.android.dx.cf.code.BytecodeArray.parseInstruction(ILcom/android/dx/cf/code/BytecodeArray$Visitor;)I @ 1597
Event: 3,552 Thread 0x00007fedb0009000 Uncommon trap: reason=bimorphic action=maybe_recompile pc=0x00007feda19a2e38 method=com.android.dx.cf.code.BytecodeArray.parseInstruction(ILcom/android/dx/cf/code/BytecodeArray$Visitor;)I @ 1597
Event: 4,231 Thread 0x00007fedb0009000 Uncommon trap: reason=unstable_if action=reinterpret pc=0x00007feda19dae78 method=com.android.dx.ssa.back.FirstFitLocalCombiningAllocator.handleCheckCastResults()V @ 302
Event: 4,326 Thread 0x00007fedb0009000 Uncommon trap: reason=class_check action=maybe_recompile pc=0x00007feda18b76c4 method=com.android.dx.ssa.SCCP.replaceConstants()V @ 182
Event: 4,327 Thread 0x00007fedb0009000 Uncommon trap: reason=class_check action=maybe_recompile pc=0x00007feda18b76c4 method=com.android.dx.ssa.SCCP.replaceConstants()V @ 182
Event: 4,400 Thread 0x00007fedb0009000 Uncommon trap: reason=unstable_if action=reinterpret pc=0x00007feda19b98c4 method=com.android.dx.cf.code.ByteCatchList.listFor(I)Lcom/android/dx/cf/code/ByteCatchList; @ 47

Internal exceptions (5 events):
Event: 0,037 Thread 0x00007fedb0009000 Exception <a 'java/lang/NoSuchMethodError': Method sun.misc.Unsafe.defineClass(Ljava/lang/String;[BII)Ljava/lang/Class; name or signature does not match> (0x00000000eab12a38) thrown at [/HUDSON/workspace/8-2-build-linux-amd64/jdk8u40/3098/hotspot/src/shar
Event: 0,037 Thread 0x00007fedb0009000 Exception <a 'java/lang/NoSuchMethodError': Method sun.misc.Unsafe.prefetchRead(Ljava/lang/Object;J)V name or signature does not match> (0x00000000eab12cc8) thrown at [/HUDSON/workspace/8-2-build-linux-amd64/jdk8u40/3098/hotspot/src/share/vm/prims/jni.cpp
Event: 0,866 Thread 0x00007fedb0009000 Exception <a 'java/lang/ArrayIndexOutOfBoundsException': 18> (0x00000000ee84afd8) thrown at [/HUDSON/workspace/8-2-build-linux-amd64/jdk8u40/3098/hotspot/src/share/vm/interpreter/interpreterRuntime.cpp, line 366]
Event: 0,866 Thread 0x00007fedb0009000 Exception <a 'java/lang/ArrayIndexOutOfBoundsException': 145> (0x00000000ee84caa8) thrown at [/HUDSON/workspace/8-2-build-linux-amd64/jdk8u40/3098/hotspot/src/share/vm/interpreter/interpreterRuntime.cpp, line 366]
Event: 0,867 Thread 0x00007fedb0009000 Exception <a 'java/lang/ArrayIndexOutOfBoundsException'> (0x00000000ee84dce0) thrown at [/HUDSON/workspace/8-2-build-linux-amd64/jdk8u40/3098/hotspot/src/share/vm/runtime/sharedRuntime.cpp, line 605]

Events (10 events):
Event: 4,326 Thread 0x00007fedb0009000 Uncommon trap: trap_request=0xffffffde fr.pc=0x00007feda18b76c4
Event: 4,326 Thread 0x00007fedb0009000 DEOPT PACKING pc=0x00007feda18b76c4 sp=0x00007fedb7521bf0
Event: 4,326 Thread 0x00007fedb0009000 DEOPT UNPACKING pc=0x00007feda1005229 sp=0x00007fedb7521b78 mode 2
Event: 4,327 Thread 0x00007fedb0009000 Uncommon trap: trap_request=0xffffffde fr.pc=0x00007feda18b76c4
Event: 4,327 Thread 0x00007fedb0009000 DEOPT PACKING pc=0x00007feda18b76c4 sp=0x00007fedb7521b40
Event: 4,327 Thread 0x00007fedb0009000 DEOPT UNPACKING pc=0x00007feda1005229 sp=0x00007fedb7521ac8 mode 2
Event: 4,400 Thread 0x00007fedb0009000 Uncommon trap: trap_request=0xffffff65 fr.pc=0x00007feda19b98c4
Event: 4,400 Thread 0x00007fedb0009000 DEOPT PACKING pc=0x00007feda19b98c4 sp=0x00007fedb7521910
Event: 4,400 Thread 0x00007fedb0009000 DEOPT UNPACKING pc=0x00007feda1005229 sp=0x00007fedb75218d0 mode 2
Event: 4,418 Executing VM operation: ParallelGCFailedAllocation


Dynamic libraries:
00400000-00401000 r-xp 00000000 08:12 1835066                            /usr/java/jdk1.8.0_40/bin/java
00600000-00601000 rw-p 00000000 08:12 1835066                            /usr/java/jdk1.8.0_40/bin/java
01fa5000-01fc6000 rw-p 00000000 00:00 0                                  [heap]
c0000000-ca580000 rw-p 00000000 00:00 0 
d2780000-eab00000 ---p 00000000 00:00 0 
eab00000-100000000 rw-p 00000000 00:00 0 
100000000-1000a0000 rw-p 00000000 00:00 0 
1000a0000-140000000 ---p 00000000 00:00 0 
7fed44000000-7fed44021000 rw-p 00000000 00:00 0 
7fed44021000-7fed48000000 ---p 00000000 00:00 0 
7fed48000000-7fed48021000 rw-p 00000000 00:00 0 
7fed48021000-7fed4c000000 ---p 00000000 00:00 0 
7fed4c000000-7fed4d328000 rw-p 00000000 00:00 0 
7fed4d328000-7fed50000000 ---p 00000000 00:00 0 
7fed50000000-7fed50c46000 rw-p 00000000 00:00 0 
7fed50c46000-7fed54000000 ---p 00000000 00:00 0 
7fed54000000-7fed5509e000 rw-p 00000000 00:00 0 
7fed5509e000-7fed58000000 ---p 00000000 00:00 0 
7fed58000000-7fed591e5000 rw-p 00000000 00:00 0 
7fed591e5000-7fed5c000000 ---p 00000000 00:00 0 
7fed5c000000-7fed5c021000 rw-p 00000000 00:00 0 
7fed5c021000-7fed60000000 ---p 00000000 00:00 0 
7fed61946000-7fed68000000 r--p 00000000 08:12 1714123                    /usr/lib/locale/locale-archive
7fed68000000-7fed68021000 rw-p 00000000 00:00 0 
7fed68021000-7fed6c000000 ---p 00000000 00:00 0 
7fed6c000000-7fed6c021000 rw-p 00000000 00:00 0 
7fed6c021000-7fed70000000 ---p 00000000 00:00 0 
7fed70000000-7fed70021000 rw-p 00000000 00:00 0 
7fed70021000-7fed74000000 ---p 00000000 00:00 0 
7fed74000000-7fed74296000 rw-p 00000000 00:00 0 
7fed74296000-7fed78000000 ---p 00000000 00:00 0 
7fed78000000-7fed78021000 rw-p 00000000 00:00 0 
7fed78021000-7fed7c000000 ---p 00000000 00:00 0 
7fed80000000-7fed80021000 rw-p 00000000 00:00 0 
7fed80021000-7fed84000000 ---p 00000000 00:00 0 
7fed879c1000-7fed879fa000 r--s 002ff000 08:22 2515                       /run/media/david/apps/Entwicklung/android_sdk/NetPowerctrl/app/build/intermediates/classes-proguard/debug/classes.jar
7fed879fa000-7fed879fb000 ---p 00000000 00:00 0 
7fed879fb000-7fed87afb000 rw-p 00000000 00:00 0                          [stack:12523]
7fed87afb000-7fed87afe000 ---p 00000000 00:00 0 
7fed87afe000-7fed87bfc000 rw-p 00000000 00:00 0                          [stack:12522]
7fed87bfc000-7fed87bff000 ---p 00000000 00:00 0 
7fed87bff000-7fed87cfd000 rw-p 00000000 00:00 0                          [stack:12521]
7fed87cfd000-7fed87d00000 ---p 00000000 00:00 0 
7fed87d00000-7fed87dfe000 rw-p 00000000 00:00 0                          [stack:12520]
7fed87dfe000-7fed87e01000 ---p 00000000 00:00 0 
7fed87e01000-7fed87eff000 rw-p 00000000 00:00 0                          [stack:12519]
7fed87eff000-7fed87f02000 ---p 00000000 00:00 0 
7fed87f02000-7fed88000000 rw-p 00000000 00:00 0                          [stack:12518]
7fed88000000-7fed88021000 rw-p 00000000 00:00 0 
7fed88021000-7fed8c000000 ---p 00000000 00:00 0 
7fed8c000000-7fed8c021000 rw-p 00000000 00:00 0 
7fed8c021000-7fed90000000 ---p 00000000 00:00 0 
7fed90000000-7fed90021000 rw-p 00000000 00:00 0 
7fed90021000-7fed94000000 ---p 00000000 00:00 0 
7fed94000000-7fed94021000 rw-p 00000000 00:00 0 
7fed94021000-7fed98000000 ---p 00000000 00:00 0 
7fed98000000-7fed98007000 r--s 00000000 08:12 1968342                    /usr/lib64/gconv/gconv-modules.cache
7fed98007000-7fed9802d000 r--p 00000000 08:12 3016069                    /usr/share/locale/de/LC_MESSAGES/libc.mo
7fed9802d000-7fed9803c000 r--s 000dd000 08:12 922456                     /home/david/bin/android-sdk/build-tools/22.0.1/lib/dx.jar
7fed9803c000-7fed9803f000 ---p 00000000 00:00 0 
7fed9803f000-7fed9813d000 rw-p 00000000 00:00 0                          [stack:12517]
7fed9813d000-7fed98140000 ---p 00000000 00:00 0 
7fed98140000-7fed9823e000 rw-p 00000000 00:00 0                          [stack:12516]
7fed9823e000-7fed98241000 ---p 00000000 00:00 0 
7fed98241000-7fed9833f000 rw-p 00000000 00:00 0                          [stack:12515]
7fed9833f000-7fed98340000 ---p 00000000 00:00 0 
7fed98340000-7fed9c000000 rw-p 00000000 00:00 0                          [stack:12514]
7fed9c000000-7fed9c021000 rw-p 00000000 00:00 0 
7fed9c021000-7feda0000000 ---p 00000000 00:00 0 
7feda0002000-7feda0023000 rw-p 00000000 00:00 0 
7feda0023000-7feda01fc000 r--s 03cc2000 08:12 1844552                    /usr/java/jdk1.8.0_40/jre/lib/rt.jar
7feda01fc000-7feda087c000 rw-p 00000000 00:00 0 
7feda087c000-7feda09fc000 ---p 00000000 00:00 0 
7feda09fc000-7feda0bfc000 rw-p 00000000 00:00 0 
7feda0bfc000-7feda0bfd000 ---p 00000000 00:00 0 
7feda0bfd000-7feda0cfd000 rw-p 00000000 00:00 0                          [stack:12513]
7feda0cfd000-7feda0cfe000 ---p 00000000 00:00 0 
7feda0cfe000-7feda0dfe000 rw-p 00000000 00:00 0                          [stack:12512]
7feda0dfe000-7feda0dff000 ---p 00000000 00:00 0 
7feda0dff000-7feda0eff000 rw-p 00000000 00:00 0                          [stack:12511]
7feda0eff000-7feda0f00000 ---p 00000000 00:00 0 
7feda0f00000-7feda1000000 rw-p 00000000 00:00 0                          [stack:12510]
7feda1000000-7feda1a70000 rwxp 00000000 00:00 0 
7feda1a70000-7fedb0000000 ---p 00000000 00:00 0 
7fedb0000000-7fedb03b3000 rw-p 00000000 00:00 0 
7fedb03b3000-7fedb4000000 ---p 00000000 00:00 0 
7fedb4006000-7fedb40df000 rw-p 00000000 00:00 0 
7fedb40df000-7fedb40e0000 ---p 00000000 00:00 0 
7fedb40e0000-7fedb41e0000 rw-p 00000000 00:00 0                          [stack:12509]
7fedb41e0000-7fedb41e1000 ---p 00000000 00:00 0 
7fedb41e1000-7fedb42e1000 rw-p 00000000 00:00 0                          [stack:12508]
7fedb42e1000-7fedb42e2000 ---p 00000000 00:00 0 
7fedb42e2000-7fedb43e2000 rw-p 00000000 00:00 0                          [stack:12507]
7fedb43e2000-7fedb43e3000 ---p 00000000 00:00 0 
7fedb43e3000-7fedb4536000 rw-p 00000000 00:00 0                          [stack:12506]
7fedb4536000-7fedb4639000 ---p 00000000 00:00 0 
7fedb4639000-7fedb468c000 rw-p 00000000 00:00 0 
7fedb468c000-7fedb478e000 ---p 00000000 00:00 0 
7fedb478e000-7fedb4839000 rw-p 00000000 00:00 0 
7fedb4839000-7fedb4864000 rw-p 00000000 00:00 0 
7fedb4864000-7fedb4bfa000 ---p 00000000 00:00 0 
7fedb4bfa000-7fedb4c14000 r-xp 00000000 08:12 1835251                    /usr/java/jdk1.8.0_40/jre/lib/amd64/libzip.so
7fedb4c14000-7fedb4e14000 ---p 0001a000 08:12 1835251                    /usr/java/jdk1.8.0_40/jre/lib/amd64/libzip.so
7fedb4e14000-7fedb4e15000 rw-p 0001a000 08:12 1835251                    /usr/java/jdk1.8.0_40/jre/lib/amd64/libzip.so
7fedb4e15000-7fedb4e21000 r-xp 00000000 08:12 1719945                    /usr/lib64/libnss_files-2.21.so
7fedb4e21000-7fedb5020000 ---p 0000c000 08:12 1719945                    /usr/lib64/libnss_files-2.21.so
7fedb5020000-7fedb5021000 r--p 0000b000 08:12 1719945                    /usr/lib64/libnss_files-2.21.so
7fedb5021000-7fedb5022000 rw-p 0000c000 08:12 1719945                    /usr/lib64/libnss_files-2.21.so
7fedb5022000-7fedb504c000 r-xp 00000000 08:12 1835215                    /usr/java/jdk1.8.0_40/jre/lib/amd64/libjava.so
7fedb504c000-7fedb524c000 ---p 0002a000 08:12 1835215                    /usr/java/jdk1.8.0_40/jre/lib/amd64/libjava.so
7fedb524c000-7fedb524e000 rw-p 0002a000 08:12 1835215                    /usr/java/jdk1.8.0_40/jre/lib/amd64/libjava.so
7fedb524e000-7fedb525b000 r-xp 00000000 08:12 1835250                    /usr/java/jdk1.8.0_40/jre/lib/amd64/libverify.so
7fedb525b000-7fedb545b000 ---p 0000d000 08:12 1835250                    /usr/java/jdk1.8.0_40/jre/lib/amd64/libverify.so
7fedb545b000-7fedb545d000 rw-p 0000d000 08:12 1835250                    /usr/java/jdk1.8.0_40/jre/lib/amd64/libverify.so
7fedb545d000-7fedb5464000 r-xp 00000000 08:12 1719954                    /usr/lib64/librt-2.21.so
7fedb5464000-7fedb5663000 ---p 00007000 08:12 1719954                    /usr/lib64/librt-2.21.so
7fedb5663000-7fedb5664000 r--p 00006000 08:12 1719954                    /usr/lib64/librt-2.21.so
7fedb5664000-7fedb5665000 rw-p 00007000 08:12 1719954                    /usr/lib64/librt-2.21.so
7fedb5665000-7fedb576c000 r-xp 00000000 08:12 1714293                    /usr/lib64/libm-2.21.so
7fedb576c000-7fedb596b000 ---p 00107000 08:12 1714293                    /usr/lib64/libm-2.21.so
7fedb596b000-7fedb596c000 r--p 00106000 08:12 1714293                    /usr/lib64/libm-2.21.so
7fedb596c000-7fedb596d000 rw-p 00107000 08:12 1714293                    /usr/lib64/libm-2.21.so
7fedb596d000-7fedb661b000 r-xp 00000000 08:12 1835255                    /usr/java/jdk1.8.0_40/jre/lib/amd64/server/libjvm.so
7fedb661b000-7fedb681a000 ---p 00cae000 08:12 1835255                    /usr/java/jdk1.8.0_40/jre/lib/amd64/server/libjvm.so
7fedb681a000-7fedb68f1000 rw-p 00cad000 08:12 1835255                    /usr/java/jdk1.8.0_40/jre/lib/amd64/server/libjvm.so
7fedb68f1000-7fedb6935000 rw-p 00000000 00:00 0 
7fedb6935000-7fedb6aeb000 r-xp 00000000 08:12 1711962                    /usr/lib64/libc-2.21.so
7fedb6aeb000-7fedb6ceb000 ---p 001b6000 08:12 1711962                    /usr/lib64/libc-2.21.so
7fedb6ceb000-7fedb6cef000 r--p 001b6000 08:12 1711962                    /usr/lib64/libc-2.21.so
7fedb6cef000-7fedb6cf1000 rw-p 001ba000 08:12 1711962                    /usr/lib64/libc-2.21.so
7fedb6cf1000-7fedb6cf5000 rw-p 00000000 00:00 0 
7fedb6cf5000-7fedb6cf8000 r-xp 00000000 08:12 1714291                    /usr/lib64/libdl-2.21.so
7fedb6cf8000-7fedb6ef7000 ---p 00003000 08:12 1714291                    /usr/lib64/libdl-2.21.so
7fedb6ef7000-7fedb6ef8000 r--p 00002000 08:12 1714291                    /usr/lib64/libdl-2.21.so
7fedb6ef8000-7fedb6ef9000 rw-p 00003000 08:12 1714291                    /usr/lib64/libdl-2.21.so
7fedb6ef9000-7fedb6f0e000 r-xp 00000000 08:12 1835519                    /usr/java/jdk1.8.0_40/lib/amd64/jli/libjli.so
7fedb6f0e000-7fedb710e000 ---p 00015000 08:12 1835519                    /usr/java/jdk1.8.0_40/lib/amd64/jli/libjli.so
7fedb710e000-7fedb710f000 rw-p 00015000 08:12 1835519                    /usr/java/jdk1.8.0_40/lib/amd64/jli/libjli.so
7fedb710f000-7fedb7126000 r-xp 00000000 08:12 1711364                    /usr/lib64/libpthread-2.21.so
7fedb7126000-7fedb7325000 ---p 00017000 08:12 1711364                    /usr/lib64/libpthread-2.21.so
7fedb7325000-7fedb7326000 r--p 00016000 08:12 1711364                    /usr/lib64/libpthread-2.21.so
7fedb7326000-7fedb7327000 rw-p 00017000 08:12 1711364                    /usr/lib64/libpthread-2.21.so
7fedb7327000-7fedb732b000 rw-p 00000000 00:00 0 
7fedb732b000-7fedb734c000 r-xp 00000000 08:12 1713348                    /usr/lib64/ld-2.21.so
7fedb7351000-7fedb7423000 rw-p 00000000 00:00 0 
7fedb7423000-7fedb7426000 ---p 00000000 00:00 0 
7fedb7426000-7fedb7528000 rw-p 00000000 00:00 0                          [stack:12505]
7fedb752b000-7fedb7540000 rw-p 00000000 00:00 0 
7fedb7540000-7fedb7548000 rw-s 00000000 00:22 1566318                    /tmp/hsperfdata_david/12500
7fedb7548000-7fedb7549000 rw-p 00000000 00:00 0 
7fedb7549000-7fedb754a000 ---p 00000000 00:00 0 
7fedb754a000-7fedb754b000 rw-p 00000000 00:00 0 
7fedb754b000-7fedb754c000 r--p 00020000 08:12 1713348                    /usr/lib64/ld-2.21.so
7fedb754c000-7fedb754d000 rw-p 00021000 08:12 1713348                    /usr/lib64/ld-2.21.so
7fedb754d000-7fedb754e000 rw-p 00000000 00:00 0 
7ffd2b9dd000-7ffd2b9fe000 rw-p 00000000 00:00 0                          [stack]
7ffd2bb5b000-7ffd2bb5d000 r--p 00000000 00:00 0                          [vvar]
7ffd2bb5d000-7ffd2bb5f000 r-xp 00000000 00:00 0                          [vdso]
ffffffffff600000-ffffffffff601000 r-xp 00000000 00:00 0                  [vsyscall]

VM Arguments:
jvm_args: -Xmx1024M -Dfile.encoding=UTF-8 -Duser.country=DE -Duser.language=de -Duser.variant 
java_command: com.android.dx.command.Main --dex --output /run/media/david/apps/Entwicklung/android_sdk/NetPowerctrl/app/build/intermediates/dex/debug /run/media/david/apps/Entwicklung/android_sdk/NetPowerctrl/app/build/intermediates/classes-proguard/debug/classes.jar
java_class_path (initial): /home/david/bin/android-sdk/build-tools/22.0.1/lib/dx.jar
Launcher Type: SUN_STANDARD

Environment Variables:
PATH=/usr/lib64/qt-3.3/bin:/usr/local/bin:/usr/local/sbin:/usr/bin:/usr/sbin:/bin:/sbin:/home/david/.local/bin:/home/david/bin:/home/david/bin/android-sdk/platform-tools
USERNAME=david
LD_LIBRARY_PATH=/home/david/bin/android-studio/bin:
SHELL=/bin/bash
DISPLAY=:1

Signal Handlers:
SIGSEGV: [libjvm.so+0xaad2e0], sa_mask[0]=11111111011111111101111111111110, sa_flags=SA_RESTART|SA_SIGINFO
SIGBUS: [libjvm.so+0xaad2e0], sa_mask[0]=11111111011111111101111111111110, sa_flags=SA_RESTART|SA_SIGINFO
SIGFPE: [libjvm.so+0x90b550], sa_mask[0]=11111111011111111101111111111110, sa_flags=SA_RESTART|SA_SIGINFO
SIGPIPE: [libjvm.so+0x90b550], sa_mask[0]=11111111011111111101111111111110, sa_flags=SA_RESTART|SA_SIGINFO
SIGXFSZ: [libjvm.so+0x90b550], sa_mask[0]=11111111011111111101111111111110, sa_flags=SA_RESTART|SA_SIGINFO
SIGILL: [libjvm.so+0x90b550], sa_mask[0]=11111111011111111101111111111110, sa_flags=SA_RESTART|SA_SIGINFO
SIGUSR1: SIG_DFL, sa_mask[0]=00000000000000000000000000000000, sa_flags=none
SIGUSR2: [libjvm.so+0x90cb90], sa_mask[0]=00100000000000000000000000000000, sa_flags=SA_RESTART|SA_SIGINFO
SIGHUP: [libjvm.so+0x90dee0], sa_mask[0]=11111111011111111101111111111110, sa_flags=SA_RESTART|SA_SIGINFO
SIGINT: [libjvm.so+0x90dee0], sa_mask[0]=11111111011111111101111111111110, sa_flags=SA_RESTART|SA_SIGINFO
SIGTERM: [libjvm.so+0x90dee0], sa_mask[0]=11111111011111111101111111111110, sa_flags=SA_RESTART|SA_SIGINFO
SIGQUIT: [libjvm.so+0x90dee0], sa_mask[0]=11111111011111111101111111111110, sa_flags=SA_RESTART|SA_SIGINFO


---------------  S Y S T E M  ---------------

OS:Fedora release 22 (Twenty Two)

uname:Linux 4.0.0-1.fc22.x86_64 #1 SMP Mon Apr 13 10:03:33 UTC 2015 x86_64
libc:glibc 2.21 NPTL 2.21 
rlimit: STACK 8192k, CORE 0k, NPROC 4096, NOFILE 4096, AS infinity
load average:0,92 0,52 0,43

/proc/meminfo:
MemTotal:        8050072 kB
MemFree:          140008 kB
MemAvailable:     115520 kB
Buffers:            1328 kB
Cached:           109440 kB
SwapCached:            0 kB
Active:          7443556 kB
Inactive:          70024 kB
Active(anon):    7405004 kB
Inactive(anon):    34000 kB
Active(file):      38552 kB
Inactive(file):    36024 kB
Unevictable:         256 kB
Mlocked:             256 kB
SwapTotal:             0 kB
SwapFree:              0 kB
Dirty:              3528 kB
Writeback:             0 kB
AnonPages:       7401568 kB
Mapped:           180252 kB
Shmem:             36420 kB
Slab:             120632 kB
SReclaimable:      45392 kB
SUnreclaim:        75240 kB
KernelStack:       13824 kB
PageTables:        73160 kB
NFS_Unstable:          0 kB
Bounce:                0 kB
WritebackTmp:          0 kB
CommitLimit:     4025036 kB
Committed_AS:   14011760 kB
VmallocTotal:   34359738367 kB
VmallocUsed:      155152 kB
VmallocChunk:   34359578620 kB
HardwareCorrupted:     0 kB
AnonHugePages:         0 kB
HugePages_Total:       0
HugePages_Free:        0
HugePages_Rsvd:        0
HugePages_Surp:        0
Hugepagesize:       2048 kB
DirectMap4k:      433356 kB
DirectMap2M:     7829504 kB
DirectMap1G:           0 kB


CPU:total 8 (4 cores per cpu, 2 threads per core) family 6 model 60 stepping 3, cmov, cx8, fxsr, mmx, sse, sse2, sse3, ssse3, sse4.1, sse4.2, popcnt, avx, avx2, aes, clmul, erms, lzcnt, ht, tsc, tscinvbit, bmi1, bmi2

/proc/cpuinfo:
processor	: 0
vendor_id	: GenuineIntel
cpu family	: 6
model		: 60
model name	: Intel(R) Core(TM) i7-4770 CPU @ 3.40GHz
stepping	: 3
microcode	: 0x1c
cpu MHz		: 3725.390
cache size	: 8192 KB
physical id	: 0
siblings	: 8
core id		: 0
cpu cores	: 4
apicid		: 0
initial apicid	: 0
fpu		: yes
fpu_exception	: yes
cpuid level	: 13
wp		: yes
flags		: fpu vme de pse tsc msr pae mce cx8 apic sep mtrr pge mca cmov pat pse36 clflush dts acpi mmx fxsr sse sse2 ss ht tm pbe syscall nx pdpe1gb rdtscp lm constant_tsc arch_perfmon pebs bts rep_good nopl xtopology nonstop_tsc aperfmperf eagerfpu pni pclmulqdq dtes64 monitor ds_cpl vmx smx est tm2 ssse3 fma cx16 xtpr pdcm pcid sse4_1 sse4_2 x2apic movbe popcnt tsc_deadline_timer aes xsave avx f16c rdrand lahf_lm abm ida arat pln pts dtherm tpr_shadow vnmi flexpriority ept vpid fsgsbase tsc_adjust bmi1 avx2 smep bmi2 erms invpcid xsaveopt
bugs		:
bogomips	: 6784.27
clflush size	: 64
cache_alignment	: 64
address sizes	: 39 bits physical, 48 bits virtual
power management:

processor	: 1
vendor_id	: GenuineIntel
cpu family	: 6
model		: 60
model name	: Intel(R) Core(TM) i7-4770 CPU @ 3.40GHz
stepping	: 3
microcode	: 0x1c
cpu MHz		: 3849.570
cache size	: 8192 KB
physical id	: 0
siblings	: 8
core id		: 1
cpu cores	: 4
apicid		: 2
initial apicid	: 2
fpu		: yes
fpu_exception	: yes
cpuid level	: 13
wp		: yes
flags		: fpu vme de pse tsc msr pae mce cx8 apic sep mtrr pge mca cmov pat pse36 clflush dts acpi mmx fxsr sse sse2 ss ht tm pbe syscall nx pdpe1gb rdtscp lm constant_tsc arch_perfmon pebs bts rep_good nopl xtopology nonstop_tsc aperfmperf eagerfpu pni pclmulqdq dtes64 monitor ds_cpl vmx smx est tm2 ssse3 fma cx16 xtpr pdcm pcid sse4_1 sse4_2 x2apic movbe popcnt tsc_deadline_timer aes xsave avx f16c rdrand lahf_lm abm ida arat pln pts dtherm tpr_shadow vnmi flexpriority ept vpid fsgsbase tsc_adjust bmi1 avx2 smep bmi2 erms invpcid xsaveopt
bugs		:
bogomips	: 6784.27
clflush size	: 64
cache_alignment	: 64
address sizes	: 39 bits physical, 48 bits virtual
power management:

processor	: 2
vendor_id	: GenuineIntel
cpu family	: 6
model		: 60
model name	: Intel(R) Core(TM) i7-4770 CPU @ 3.40GHz
stepping	: 3
microcode	: 0x1c
cpu MHz		: 3699.890
cache size	: 8192 KB
physical id	: 0
siblings	: 8
core id		: 2
cpu cores	: 4
apicid		: 4
initial apicid	: 4
fpu		: yes
fpu_exception	: yes
cpuid level	: 13
wp		: yes
flags		: fpu vme de pse tsc msr pae mce cx8 apic sep mtrr pge mca cmov pat pse36 clflush dts acpi mmx fxsr sse sse2 ss ht tm pbe syscall nx pdpe1gb rdtscp lm constant_tsc arch_perfmon pebs bts rep_good nopl xtopology nonstop_tsc aperfmperf eagerfpu pni pclmulqdq dtes64 monitor ds_cpl vmx smx est tm2 ssse3 fma cx16 xtpr pdcm pcid sse4_1 sse4_2 x2apic movbe popcnt tsc_deadline_timer aes xsave avx f16c rdrand lahf_lm abm ida arat pln pts dtherm tpr_shadow vnmi flexpriority ept vpid fsgsbase tsc_adjust bmi1 avx2 smep bmi2 erms invpcid xsaveopt
bugs		:
bogomips	: 6784.27
clflush size	: 64
cache_alignment	: 64
address sizes	: 39 bits physical, 48 bits virtual
power management:

processor	: 3
vendor_id	: GenuineIntel
cpu family	: 6
model		: 60
model name	: Intel(R) Core(TM) i7-4770 CPU @ 3.40GHz
stepping	: 3
microcode	: 0x1c
cpu MHz		: 3704.804
cache size	: 8192 KB
physical id	: 0
siblings	: 8
core id		: 3
cpu cores	: 4
apicid		: 6
initial apicid	: 6
fpu		: yes
fpu_exception	: yes
cpuid level	: 13
wp		: yes
flags		: fpu vme de pse tsc msr pae mce cx8 apic sep mtrr pge mca cmov pat pse36 clflush dts acpi mmx fxsr sse sse2 ss ht tm pbe syscall nx pdpe1gb rdtscp lm constant_tsc arch_perfmon pebs bts rep_good nopl xtopology nonstop_tsc aperfmperf eagerfpu pni pclmulqdq dtes64 monitor ds_cpl vmx smx est tm2 ssse3 fma cx16 xtpr pdcm pcid sse4_1 sse4_2 x2apic movbe popcnt tsc_deadline_timer aes xsave avx f16c rdrand lahf_lm abm ida arat pln pts dtherm tpr_shadow vnmi flexpriority ept vpid fsgsbase tsc_adjust bmi1 avx2 smep bmi2 erms invpcid xsaveopt
bugs		:
bogomips	: 6784.27
clflush size	: 64
cache_alignment	: 64
address sizes	: 39 bits physical, 48 bits virtual
power management:

processor	: 4
vendor_id	: GenuineIntel
cpu family	: 6
model		: 60
model name	: Intel(R) Core(TM) i7-4770 CPU @ 3.40GHz
stepping	: 3
microcode	: 0x1c
cpu MHz		: 3699.890
cache size	: 8192 KB
physical id	: 0
siblings	: 8
core id		: 0
cpu cores	: 4
apicid		: 1
initial apicid	: 1
fpu		: yes
fpu_exception	: yes
cpuid level	: 13
wp		: yes
flags		: fpu vme de pse tsc msr pae mce cx8 apic sep mtrr pge mca cmov pat pse36 clflush dts acpi mmx fxsr sse sse2 ss ht tm pbe syscall nx pdpe1gb rdtscp lm constant_tsc arch_perfmon pebs bts rep_good nopl xtopology nonstop_tsc aperfmperf eagerfpu pni pclmulqdq dtes64 monitor ds_cpl vmx smx est tm2 ssse3 fma cx16 xtpr pdcm pcid sse4_1 sse4_2 x2apic movbe popcnt tsc_deadline_timer aes xsave avx f16c rdrand lahf_lm abm ida arat pln pts dtherm tpr_shadow vnmi flexpriority ept vpid fsgsbase tsc_adjust bmi1 avx2 smep bmi2 erms invpcid xsaveopt
bugs		:
bogomips	: 6784.27
clflush size	: 64
cache_alignment	: 64
address sizes	: 39 bits physical, 48 bits virtual
power management:

processor	: 5
vendor_id	: GenuineIntel
cpu family	: 6
model		: 60
model name	: Intel(R) Core(TM) i7-4770 CPU @ 3.40GHz
stepping	: 3
microcode	: 0x1c
cpu MHz		: 3893.531
cache size	: 8192 KB
physical id	: 0
siblings	: 8
core id		: 1
cpu cores	: 4
apicid		: 3
initial apicid	: 3
fpu		: yes
fpu_exception	: yes
cpuid level	: 13
wp		: yes
flags		: fpu vme de pse tsc msr pae mce cx8 apic sep mtrr pge mca cmov pat pse36 clflush dts acpi mmx fxsr sse sse2 ss ht tm pbe syscall nx pdpe1gb rdtscp lm constant_tsc arch_perfmon pebs bts rep_good nopl xtopology nonstop_tsc aperfmperf eagerfpu pni pclmulqdq dtes64 monitor ds_cpl vmx smx est tm2 ssse3 fma cx16 xtpr pdcm pcid sse4_1 sse4_2 x2apic movbe popcnt tsc_deadline_timer aes xsave avx f16c rdrand lahf_lm abm ida arat pln pts dtherm tpr_shadow vnmi flexpriority ept vpid fsgsbase tsc_adjust bmi1 avx2 smep bmi2 erms invpcid xsaveopt
bugs		:
bogomips	: 6784.27
clflush size	: 64
cache_alignment	: 64
address sizes	: 39 bits physical, 48 bits virtual
power management:

processor	: 6
vendor_id	: GenuineIntel
cpu family	: 6
model		: 60
model name	: Intel(R) Core(TM) i7-4770 CPU @ 3.40GHz
stepping	: 3
microcode	: 0x1c
cpu MHz		: 3781.304
cache size	: 8192 KB
physical id	: 0
siblings	: 8
core id		: 2
cpu cores	: 4
apicid		: 5
initial apicid	: 5
fpu		: yes
fpu_exception	: yes
cpuid level	: 13
wp		: yes
flags		: fpu vme de pse tsc msr pae mce cx8 apic sep mtrr pge mca cmov pat pse36 clflush dts acpi mmx fxsr sse sse2 ss ht tm pbe syscall nx pdpe1gb rdtscp lm constant_tsc arch_perfmon pebs bts rep_good nopl xtopology nonstop_tsc aperfmperf eagerfpu pni pclmulqdq dtes64 monitor ds_cpl vmx smx est tm2 ssse3 fma cx16 xtpr pdcm pcid sse4_1 sse4_2 x2apic movbe popcnt tsc_deadline_timer aes xsave avx f16c rdrand lahf_lm abm ida arat pln pts dtherm tpr_shadow vnmi flexpriority ept vpid fsgsbase tsc_adjust bmi1 avx2 smep bmi2 erms invpcid xsaveopt
bugs		:
bogomips	: 6784.27
clflush size	: 64
cache_alignment	: 64
address sizes	: 39 bits physical, 48 bits virtual
power management:

processor	: 7
vendor_id	: GenuineIntel
cpu family	: 6
model		: 60
model name	: Intel(R) Core(TM) i7-4770 CPU @ 3.40GHz
stepping	: 3
microcode	: 0x1c
cpu MHz		: 3699.890
cache size	: 8192 KB
physical id	: 0
siblings	: 8
core id		: 3
cpu cores	: 4
apicid		: 7
initial apicid	: 7
fpu		: yes
fpu_exception	: yes
cpuid level	: 13
wp		: yes
flags		: fpu vme de pse tsc msr pae mce cx8 apic sep mtrr pge mca cmov pat pse36 clflush dts acpi mmx fxsr sse sse2 ss ht tm pbe syscall nx pdpe1gb rdtscp lm constant_tsc arch_perfmon pebs bts rep_good nopl xtopology nonstop_tsc aperfmperf eagerfpu pni pclmulqdq dtes64 monitor ds_cpl vmx smx est tm2 ssse3 fma cx16 xtpr pdcm pcid sse4_1 sse4_2 x2apic movbe popcnt tsc_deadline_timer aes xsave avx f16c rdrand lahf_lm abm ida arat pln pts dtherm tpr_shadow vnmi flexpriority ept vpid fsgsbase tsc_adjust bmi1 avx2 smep bmi2 erms invpcid xsaveopt
bugs		:
bogomips	: 6784.27
clflush size	: 64
cache_alignment	: 64
address sizes	: 39 bits physical, 48 bits virtual
power management:



Memory: 4k page, physical 8050072k(140008k free), swap 0k(0k free)

vm_info: Java HotSpot(TM) 64-Bit Server VM (25.40-b25) for linux-amd64 JRE (1.8.0_40-b26), built on Mar  7 2015 15:08:31 by "java_re" with gcc 4.3.0 20080428 (Red Hat 4.3.0-8)

time: Thu May  7 00:53:30 2015
elapsed time: 4 seconds (0d 0h 0m 4s)

